"../../../../../../Users/1winl/Documents/GitHub/CIE_Project2/Content/Mannequin/Character/Mesh/UE4_Mannequin_Skeleton.uasset" 0
"../../../../../../Users/1winl/Documents/GitHub/CIE_Project2/Content/Mannequin/Animations/ThirdPersonJump_End.uasset" 1
"../../../../../../Users/1winl/Documents/GitHub/CIE_Project2/Content/Mannequin/Character/Mesh/SK_Mannequin_Female_PhysicsAsset.uasset" 2
"../../../Engine/Content/Functions/MaterialLayerFunctions/MatLayerBlend_Simple.uasset" 3
"../../../../../../Users/1winl/Documents/GitHub/CIE_Project2/Content/Mannequin/Character/Materials/MaterialLayers/T_ML_Rubber_Blue_01_D.uasset" 4
"../../../../../../Users/1winl/Documents/GitHub/CIE_Project2/Content/Mannequin/Character/Materials/MaterialLayers/T_ML_Rubber_Blue_01_N.uasset" 5
"../../../../../../Users/1winl/Documents/GitHub/CIE_Project2/Content/Mannequin/Character/Materials/MaterialLayers/ML_GlossyBlack_Latex_UE4.uasset" 6
"../../../../../../Users/1winl/Documents/GitHub/CIE_Project2/Content/Mannequin/Character/Textures/T_UE4Logo_Mask.uasset" 7
"../../../../../../Users/1winl/Documents/GitHub/CIE_Project2/Content/Mannequin/Character/Materials/MaterialLayers/ML_Plastic_Shiny_Beige_LOGO.uasset" 8
"../../../../../../Users/1winl/Documents/GitHub/CIE_Project2/Content/Mannequin/Character/Materials/MaterialLayers/T_ML_Aluminum01_N.uasset" 9
"../../../../../../Users/1winl/Documents/GitHub/CIE_Project2/Content/Mannequin/Character/Materials/MaterialLayers/T_ML_Aluminum01.uasset" 10
"../../../../../../Users/1winl/Documents/GitHub/CIE_Project2/Content/Mannequin/Character/Materials/MaterialLayers/ML_SoftMetal_UE4.uasset" 11
"../../../../../../Users/1winl/Documents/GitHub/CIE_Project2/Content/Mannequin/Character/Materials/MaterialLayers/ML_Plastic_Shiny_Beige.uasset" 12
"../../../Engine/Content/Functions/Engine_MaterialFunctions02/Utility/BlendAngleCorrectedNormals.uasset" 13
"../../../Engine/Content/Functions/MaterialLayerFunctions/MatLayerBlend_NormalBlend.uasset" 14
"../../../../../../Users/1winl/Documents/GitHub/CIE_Project2/Content/Mannequin/Character/Textures/T_Male_Mask.uasset" 15
"../../../../../../Users/1winl/Documents/GitHub/CIE_Project2/Content/Mannequin/Character/Textures/T_Male_N.uasset" 16
"../../../../../../Users/1winl/Documents/GitHub/CIE_Project2/Content/Mannequin/Character/Materials/M_Male_Body.uasset" 17
"../../../../../../Users/1winl/Documents/GitHub/CIE_Project2/Content/Mannequin/Character/Textures/T_Female_Mask.uasset" 18
"../../../../../../Users/1winl/Documents/GitHub/CIE_Project2/Content/Mannequin/Character/Textures/T_Female_N.uasset" 19
"../../../../../../Users/1winl/Documents/GitHub/CIE_Project2/Content/Mannequin/Character/Materials/MI_Female_Body.uasset" 20
"../../../../../../Users/1winl/Documents/GitHub/CIE_Project2/Content/Mannequin/Character/Textures/T_UE4Logo_N.uasset" 21
"../../../../../../Users/1winl/Documents/GitHub/CIE_Project2/Content/Mannequin/Character/Materials/M_UE4Man_ChestLogo.uasset" 22
"../../../../../../Users/1winl/Documents/GitHub/CIE_Project2/Content/Mannequin/Character/Mesh/SK_Mannequin_Female.uasset" 23
"../../../../../../Users/1winl/Documents/GitHub/CIE_Project2/Content/StarterContent/Materials/M_Basic_Wall.uasset" 24
"../../../../../../Users/1winl/Documents/GitHub/CIE_Project2/Content/StarterContent/Architecture/Pillar_50x500.uasset" 25
"../../../../../../Users/1winl/Documents/GitHub/CIE_Project2/Content/StarterContent/Architecture/Wall_400x300.uasset" 26
"../../../../../../Users/1winl/Documents/GitHub/CIE_Project2/Content/StarterContent/Architecture/Wall_400x400.uasset" 27
"../../../../../../Users/1winl/Documents/GitHub/CIE_Project2/Content/StarterContent/Architecture/Wall_500x500.uasset" 28
"../../../../../../Users/1winl/Documents/GitHub/CIE_Project2/Content/StarterContent/Architecture/Wall_Door_400x400.uasset" 29
"../../../../../../Users/1winl/Documents/GitHub/CIE_Project2/Content/StarterContent/Architecture/Wall_Window_400x400.uasset" 30
"../../../../../../Users/1winl/Documents/GitHub/CIE_Project2/Content/StarterContent/Audio/Collapse01.uasset" 31
"../../../../../../Users/1winl/Documents/GitHub/CIE_Project2/Content/StarterContent/Audio/Collapse02.uasset" 32
"../../../../../../Users/1winl/Documents/GitHub/CIE_Project2/Content/StarterContent/Audio/Explosion01.uasset" 33
"../../../../../../Users/1winl/Documents/GitHub/CIE_Project2/Content/StarterContent/Audio/Explosion02.uasset" 34
"../../../../../../Users/1winl/Documents/GitHub/CIE_Project2/Content/StarterContent/Audio/Fire01.uasset" 35
"../../../../../../Users/1winl/Documents/GitHub/CIE_Project2/Content/StarterContent/Audio/Fire_Sparks01.uasset" 36
"../../../../../../Users/1winl/Documents/GitHub/CIE_Project2/Content/StarterContent/Audio/Light01.uasset" 37
"../../../../../../Users/1winl/Documents/GitHub/CIE_Project2/Content/StarterContent/Audio/Light01_Cue.uasset" 38
"../../../../../../Users/1winl/Documents/GitHub/CIE_Project2/Content/StarterContent/Audio/Light02.uasset" 39
"../../../../../../Users/1winl/Documents/GitHub/CIE_Project2/Content/StarterContent/Audio/Light02_Cue.uasset" 40
"../../../../../../Users/1winl/Documents/GitHub/CIE_Project2/Content/StarterContent/Audio/Smoke01.uasset" 41
"../../../../../../Users/1winl/Documents/GitHub/CIE_Project2/Content/StarterContent/Audio/Starter_Birds01.uasset" 42
"../../../../../../Users/1winl/Documents/GitHub/CIE_Project2/Content/StarterContent/Audio/Starter_Music01.uasset" 43
"../../../../../../Users/1winl/Documents/GitHub/CIE_Project2/Content/StarterContent/Audio/Starter_Wind05.uasset" 44
"../../../../../../Users/1winl/Documents/GitHub/CIE_Project2/Content/StarterContent/Audio/Starter_Wind06.uasset" 45
"../../../../../../Users/1winl/Documents/GitHub/CIE_Project2/Content/StarterContent/Audio/Steam01.uasset" 46
"../../../../../../Users/1winl/Documents/GitHub/CIE_Project2/Content/StarterContent/Textures/T_Smoke_Tiled_D.uasset" 47
"../../../../../../Users/1winl/Documents/GitHub/CIE_Project2/Content/StarterContent/Textures/T_Smoke_SubUV.uasset" 48
"../../../../../../Users/1winl/Documents/GitHub/CIE_Project2/Content/StarterContent/Particles/Materials/M_smoke_subUV.uasset" 49
"../../../Engine/Content/Functions/Engine_MaterialFunctions01/Gradient/RadialGradient.uasset" 50
"../../../../../../Users/1winl/Documents/GitHub/CIE_Project2/Content/StarterContent/Particles/Materials/M_radial_ramp.uasset" 51
"../../../../../../Users/1winl/Documents/GitHub/CIE_Project2/Content/StarterContent/Particles/Materials/m_flare_01.uasset" 52
"../../../../../../Users/1winl/Documents/GitHub/CIE_Project2/Content/StarterContent/Textures/T_Explosion_SubUV.uasset" 53
"../../../../../../Users/1winl/Documents/GitHub/CIE_Project2/Content/StarterContent/Particles/Materials/M_explosion_subUV.uasset" 54
"../../../../../../Users/1winl/Documents/GitHub/CIE_Project2/Content/StarterContent/Textures/T_Burst_M.uasset" 55
"../../../../../../Users/1winl/Documents/GitHub/CIE_Project2/Content/StarterContent/Particles/Materials/M_Burst.uasset" 56
"../../../../../../Users/1winl/Documents/GitHub/CIE_Project2/Content/StarterContent/Particles/P_Explosion.uasset" 57
"../../../../../../Users/1winl/Documents/GitHub/CIE_Project2/Content/StarterContent/Audio/Explosion_Cue.uasset" 58
"../../../../../../Users/1winl/Documents/GitHub/CIE_Project2/Content/StarterContent/Blueprints/Blueprint_Effect_Explosion.uasset" 59
"../../../Engine/Content/EditorMeshes/ColorCalibrator/T_ColorGrid.uasset" 60
"../../../../../../Users/1winl/Documents/GitHub/CIE_Project2/Content/StarterContent/Materials/M_ColorGrid_LowSpec.uasset" 61
"../../../../../../Users/1winl/Documents/GitHub/CIE_Project2/Content/StarterContent/Textures/T_Bush_N.uasset" 62
"../../../../../../Users/1winl/Documents/GitHub/CIE_Project2/Content/StarterContent/Textures/T_Bush_D.uasset" 63
"../../../../../../Users/1winl/Documents/GitHub/CIE_Project2/Content/StarterContent/Props/Materials/M_Bush.uasset" 64
"../../../../../../Users/1winl/Documents/GitHub/CIE_Project2/Content/StarterContent/Props/SM_Bush.uasset" 65
"../../../../../../Users/1winl/Documents/GitHub/CIE_Project2/Content/StarterContent/Textures/T_Chair_N.uasset" 66
"../../../../../../Users/1winl/Documents/GitHub/CIE_Project2/Content/StarterContent/Textures/T_Chair_M.uasset" 67
"../../../../../../Users/1winl/Documents/GitHub/CIE_Project2/Content/StarterContent/Props/Materials/M_Chair.uasset" 68
"../../../../../../Users/1winl/Documents/GitHub/CIE_Project2/Content/StarterContent/Props/SM_Couch.uasset" 69
"../../../../../../Users/1winl/Documents/GitHub/CIE_Project2/Content/StarterContent/Textures/T_Door_N.uasset" 70
"../../../../../../Users/1winl/Documents/GitHub/CIE_Project2/Content/StarterContent/Textures/T_Door_M.uasset" 71
"../../../../../../Users/1winl/Documents/GitHub/CIE_Project2/Content/StarterContent/Props/Materials/M_Door.uasset" 72
"../../../../../../Users/1winl/Documents/GitHub/CIE_Project2/Content/StarterContent/Materials/M_Glass.uasset" 73
"../../../../../../Users/1winl/Documents/GitHub/CIE_Project2/Content/StarterContent/Props/SM_Door.uasset" 74
"../../../../../../Users/1winl/Documents/GitHub/CIE_Project2/Content/StarterContent/Props/Materials/M_MaterialSphere_Plain.uasset" 75
"../../../../../../Users/1winl/Documents/GitHub/CIE_Project2/Content/StarterContent/Props/Materials/M_MaterialSphere.uasset" 76
"../../../../../../Users/1winl/Documents/GitHub/CIE_Project2/Content/StarterContent/Props/SM_MatPreviewMesh_02.uasset" 77
"../../../../../../Users/1winl/Documents/GitHub/CIE_Project2/Content/StarterContent/Textures/T_RockMesh_N.uasset" 78
"../../../../../../Users/1winl/Documents/GitHub/CIE_Project2/Content/StarterContent/Textures/T_RockMesh_M.uasset" 79
"../../../../../../Users/1winl/Documents/GitHub/CIE_Project2/Content/StarterContent/Textures/T_Rock_Basalt_D.uasset" 80
"../../../../../../Users/1winl/Documents/GitHub/CIE_Project2/Content/StarterContent/Textures/T_Detail_Rocky_N.uasset" 81
"../../../../../../Users/1winl/Documents/GitHub/CIE_Project2/Content/StarterContent/Props/Materials/M_Rock.uasset" 82
"../../../../../../Users/1winl/Documents/GitHub/CIE_Project2/Content/StarterContent/Props/SM_Rock.uasset" 83
"../../../../../../Users/1winl/Documents/GitHub/CIE_Project2/Content/StarterContent/Textures/T_Shelf_N.uasset" 84
"../../../../../../Users/1winl/Documents/GitHub/CIE_Project2/Content/StarterContent/Textures/T_Shelf_M.uasset" 85
"../../../../../../Users/1winl/Documents/GitHub/CIE_Project2/Content/StarterContent/Props/Materials/M_Shelf.uasset" 86
"../../../../../../Users/1winl/Documents/GitHub/CIE_Project2/Content/StarterContent/Props/SM_Shelf.uasset" 87
"../../../../../../Users/1winl/Documents/GitHub/CIE_Project2/Content/StarterContent/Materials/M_Basic_Floor.uasset" 88
"../../../../../../Users/1winl/Documents/GitHub/CIE_Project2/Content/StarterContent/Props/SM_Stairs.uasset" 89
"../../../../../../Users/1winl/Documents/GitHub/CIE_Project2/Content/StarterContent/Shapes/Shape_Cone.uasset" 90
"../../../../../../Users/1winl/Documents/GitHub/CIE_Project2/Content/StarterContent/Shapes/Shape_Cylinder.uasset" 91
"../../../../../../Users/1winl/Documents/GitHub/CIE_Project2/Content/StarterContent/Shapes/Shape_NarrowCapsule.uasset" 92
"../../../../../../Users/1winl/Documents/GitHub/CIE_Project2/Content/StarterContent/Shapes/Shape_Pipe.uasset" 93
"../../../../../../Users/1winl/Documents/GitHub/CIE_Project2/Content/StarterContent/Shapes/Shape_Pipe_180.uasset" 94
"../../../../../../Users/1winl/Documents/GitHub/CIE_Project2/Content/StarterContent/Shapes/Shape_Pipe_90.uasset" 95
"../../../../../../Users/1winl/Documents/GitHub/CIE_Project2/Content/StarterContent/Shapes/Shape_Plane.uasset" 96
"../../../../../../Users/1winl/Documents/GitHub/CIE_Project2/Content/StarterContent/Shapes/Shape_Torus.uasset" 97
"../../../../../../Users/1winl/Documents/GitHub/CIE_Project2/Content/StarterContent/Shapes/Shape_Trim.uasset" 98
"../../../../../../Users/1winl/Documents/GitHub/CIE_Project2/Content/StarterContent/Shapes/Shape_Trim_90_In.uasset" 99
"../../../../../../Users/1winl/Documents/GitHub/CIE_Project2/Content/StarterContent/Shapes/Shape_Trim_90_Out.uasset" 100
"../../../../../../Users/1winl/Documents/GitHub/CIE_Project2/Content/StarterContent/Shapes/Shape_TriPyramid.uasset" 101
"../../../../../../Users/1winl/Documents/GitHub/CIE_Project2/Content/StarterContent/Shapes/Shape_Tube.uasset" 102
"../../../../../../Users/1winl/Documents/GitHub/CIE_Project2/Content/StarterContent/Shapes/Shape_Wedge_A.uasset" 103
"../../../../../../Users/1winl/Documents/GitHub/CIE_Project2/Content/StarterContent/Shapes/Shape_Wedge_B.uasset" 104
"../../../../../../Users/1winl/Documents/GitHub/CIE_Project2/Content/StarterContent/Shapes/Shape_WideCapsule.uasset" 105
"../../../../../../Users/1winl/Documents/GitHub/CIE_Project2/Content/ParagonGreystone/Characters/Heroes/Greystone/Meshes/Greystone_Skeleton.uasset" 106
"../../../../../../Users/1winl/Documents/GitHub/CIE_Project2/Content/ThirdPersonCPP/reactmontage.uasset" 107
"../../../../../../Users/1winl/Documents/GitHub/CIE_Project2/Content/ThirdPersonCPP/Blueprints/NewBlueprint.uasset" 108
"../../../../../../Users/1winl/Documents/GitHub/CIE_Project2/Content/ThirdPersonCPP/Blueprints/Sphere.uasset" 109
"../../../Engine/Content/Animation/DefaultAnimBoneCompressionSettings.uasset" 110
"../../../Engine/Content/Animation/DefaultAnimCurveCompressionSettings.uasset" 111
"../../../Engine/Content/EngineMaterials/T_Default_Material_Grid_N.uasset" 112
"../../../Engine/Content/EngineMaterials/T_Default_Material_Grid_M.uasset" 113
"../../../Engine/Content/Functions/Engine_MaterialFunctions01/Opacity/CameraDepthFade.uasset" 114
"../../../Engine/Content/EngineMaterials/WorldGridMaterial.uasset" 115
"../../../Engine/Content/ArtTools/RenderToTexture/Meshes/S_1_Unit_Plane.uasset" 116
"../../../Engine/Content/EngineMaterials/DefaultMaterial.uasset" 117
"../../../Engine/Content/BasicShapes/Cone.uasset" 118
"../../../Engine/Content/BasicShapes/Cube.uasset" 119
"../../../Engine/Content/BasicShapes/Plane.uasset" 120
"../../../Engine/Content/BasicShapes/Sphere.uasset" 121
"../../../Engine/Content/EditorLandscapeResources/DataLayer.uasset" 122
"../../../Engine/Content/EditorLandscapeResources/DefaultAlphaTexture.uasset" 123
"../../../Engine/Content/EditorMaterials/MAT_Groups_Toggle.uasset" 124
"../../../Engine/Content/EditorMaterials/MAT_Groups_Visibility.uasset" 125
"../../../Engine/Content/EditorMaterials/PreviewShadowIndicator.uasset" 126
"../../../Engine/Content/EditorMaterials/PreviewShadowIndicatorMaterial.uasset" 127
"../../../Engine/Content/EditorMaterials/MatineeGroups/MAT_ColorTrack.uasset" 128
"../../../Engine/Content/EditorMaterials/MatineeGroups/MAT_Groups_Anim.uasset" 129
"../../../Engine/Content/EditorMaterials/MatineeGroups/MAT_Groups_AudioMaster.uasset" 130
"../../../Engine/Content/EditorMaterials/MatineeGroups/MAT_Groups_Director.uasset" 131
"../../../Engine/Content/EditorMaterials/MatineeGroups/MAT_Groups_Event.uasset" 132
"../../../Engine/Content/EditorMaterials/MatineeGroups/MAT_Groups_Fade.uasset" 133
"../../../Engine/Content/EditorMaterials/MatineeGroups/MAT_Groups_Float.uasset" 134
"../../../Engine/Content/EditorMaterials/MatineeGroups/MAT_Groups_Move.uasset" 135
"../../../Engine/Content/EditorMaterials/MatineeGroups/MAT_Groups_Slomo.uasset" 136
"../../../Engine/Content/EditorMaterials/MatineeGroups/MAT_Groups_Sound.uasset" 137
"../../../Engine/Content/EditorMaterials/MatineeGroups/MAT_Groups_Vector.uasset" 138
"../../../Engine/Content/EditorMaterials/ParticleSystems/PSysThumbnail_NoImage.uasset" 139
"../../../Engine/Content/EditorMaterials/ParticleSystems/PSysThumbnail_OOD.uasset" 140
"../../../Engine/Content/EditorMaterials/Camera/CineMat.uasset" 141
"../../../Engine/Content/EditorMaterials/Camera/MI_CineMat_Rig.uasset" 142
"../../../Engine/Content/EditorMeshes/Camera/SM_CraneRig_Arm.uasset" 143
"../../../Engine/Content/EditorMeshes/Camera/SM_CraneRig_Base.uasset" 144
"../../../Engine/Content/EditorMeshes/Camera/SM_CraneRig_Body.uasset" 145
"../../../Engine/Content/EditorMeshes/Camera/SM_CraneRig_Mount.uasset" 146
"../../../Engine/Content/EditorMeshes/Camera/SM_RailRig_Mount.uasset" 147
"../../../Engine/Content/EditorMeshes/Camera/SM_RailRig_Track.uasset" 148
"../../../Engine/Content/EditorResources/BSPVertex.uasset" 149
"../../../Engine/Content/EditorResources/EmptyActor.uasset" 150
"../../../Engine/Content/EditorResources/S_Actor.uasset" 151
"../../../Engine/Content/EditorResources/S_Note.uasset" 152
"../../../Engine/Content/EditorResources/S_Solver.uasset" 153
"../../../Engine/Content/EditorResources/S_Terrain.uasset" 154
"../../../Engine/Content/EditorResources/S_Trigger.uasset" 155
"../../../Engine/Content/EditorResources/AudioIcons/S_AudioComponent.uasset" 156
"../../../Engine/Content/EditorResources/AudioIcons/S_AudioComponent_AutoActivate.uasset" 157
"../../../Engine/Content/EditorResources/LightIcons/S_LightError.uasset" 158
"../../../Engine/Content/EditorResources/SequenceRecorder/Countdown.uasset" 159
"../../../Engine/Content/EditorResources/SequenceRecorder/RecordingIndicator.uasset" 160
"../../../Engine/Content/EngineDamageTypes/DmgTypeBP_Environmental.uasset" 161
"../../../Engine/Content/EngineDebugMaterials/DebugEditorMaterial.uasset" 162
"../../../Engine/Content/EngineDebugMaterials/DebugMeshMaterial.uasset" 163
"../../../Engine/Content/EngineDebugMaterials/M_SimpleUnlitTranslucent.uasset" 164
"../../../Engine/Content/EngineDebugMaterials/VolumeToRender.uasset" 165
"../../../Engine/Content/Functions/Engine_MaterialFunctions02/Utility/CameraDirectionVector.uasset" 166
"../../../Engine/Content/EngineDebugMaterials/M_VolumeRenderSphereTracePP.uasset" 167
"../../../Engine/Content/Functions/Engine_MaterialFunctions01/Shading/ConvertFromDiffSpec.uasset" 168
"../../../Engine/Content/EngineDebugMaterials/VertexColorMaterial.uasset" 169
"../../../Engine/Content/EngineDebugMaterials/WireframeMaterial.uasset" 170
"../../../Engine/Content/EngineFonts/Faces/RobotoRegular.uasset" 171
"../../../Engine/Content/EngineFonts/Faces/RobotoLight.uasset" 172
"../../../Engine/Content/EngineFonts/Faces/RobotoItalic.uasset" 173
"../../../Engine/Content/EngineFonts/Faces/RobotoBoldItalic.uasset" 174
"../../../Engine/Content/EngineFonts/Faces/RobotoBold.uasset" 175
"../../../Engine/Content/EngineFonts/Faces/DroidSansFallback.uasset" 176
"../../../Engine/Content/EngineFonts/Roboto.uasset" 177
"../../../Engine/Content/EngineMaterials/BaseFlattenGrayscaleMap.uasset" 178
"../../../Engine/Content/EngineMaterials/BaseFlattenEmissiveMap.uasset" 179
"../../../Engine/Content/EngineMaterials/BaseFlattenDiffuseMap.uasset" 180
"../../../Engine/Content/EngineMaterials/BaseFlattenNormalMap.uasset" 181
"../../../Engine/Content/EngineMaterials/BaseFlattenMaterial.uasset" 182
"../../../Engine/Content/EngineMaterials/BlueNoise.uasset" 183
"../../../Engine/Content/EngineMaterials/DefaultBloomKernel.uasset" 184
"../../../Engine/Content/EngineMaterials/DefaultBokeh.uasset" 185
"../../../Engine/Content/EngineMaterials/DefaultDiffuse.uasset" 186
"../../../Engine/Content/EngineMaterials/DefaultDeferredDecalMaterial.uasset" 187
"../../../Engine/Content/EngineMaterials/DefaultLightFunctionMaterial.uasset" 188
"../../../Engine/Content/EngineMaterials/DefaultPhysicalMaterial.uasset" 189
"../../../Engine/Content/Functions/Engine_MaterialFunctions02/Utility/BreakOutFloat2Components.uasset" 190
"../../../Engine/Content/EngineMaterials/DefaultPostProcessMaterial.uasset" 191
"../../../Engine/Content/EngineFonts/RobotoDistanceField.uasset" 192
"../../../Engine/Content/EngineMaterials/DefaultTextMaterialOpaque.uasset" 193
"../../../Engine/Content/EngineMaterials/DefaultWhiteGrid.uasset" 194
"../../../Engine/Content/EngineMaterials/DefaultWhiteGrid_Low.uasset" 195
"../../../Engine/Content/EngineMaterials/EmissiveMeshMaterial.uasset" 196
"../../../Engine/Content/EngineMaterials/GizmoMaterial.uasset" 197
"../../../Engine/Content/EngineMaterials/MiniFont.uasset" 198
"../../../Engine/Content/EngineMaterials/InvalidLightmapSettings.uasset" 199
"../../../Engine/Content/EngineMaterials/M_InvalidLightmapSettings.uasset" 200
"../../../Engine/Content/Functions/Engine_MaterialFunctions02/WorldPositionOffset/CameraOffset.uasset" 201
"../../../Engine/Content/EngineMaterials/PhAT_JointLimitMaterial.uasset" 202
"../../../Engine/Content/EngineMaterials/PreintegratedSkinBRDF.uasset" 203
"../../../Engine/Content/EngineMaterials/RemoveSurfaceMaterial.uasset" 204
"../../../Engine/Content/EngineMaterials/WeightMapPlaceholderTexture.uasset" 205
"../../../Engine/Content/EngineResources/WhiteSquareTexture.uasset" 206
"../../../Engine/Content/EngineMaterials/Widget3DPassThrough.uasset" 207
"../../../Engine/Content/EngineMaterials/Widget3DPassThrough_Masked.uasset" 208
"../../../Engine/Content/EngineMaterials/Widget3DPassThrough_Opaque.uasset" 209
"../../../Engine/Content/EngineMaterials/Widget3DPassThrough_Masked_OneSided.uasset" 210
"../../../Engine/Content/EngineMaterials/Widget3DPassThrough_Opaque_OneSided.uasset" 211
"../../../Engine/Content/EngineMaterials/Widget3DPassThrough_Translucent.uasset" 212
"../../../Engine/Content/EngineMaterials/Widget3DPassThrough_Translucent_OneSided.uasset" 213
"../../../Engine/Content/EngineMeshes/Cylinder.uasset" 214
"../../../Engine/Content/EngineMeshes/Sphere.uasset" 215
"../../../Engine/Content/EngineResources/DefaultTextureCube.uasset" 216
"../../../Engine/Content/EngineResources/DefaultVolumeTexture2D.uasset" 217
"../../../Engine/Content/EngineResources/DefaultVolumeTexture.uasset" 218
"../../../Engine/Content/EngineResources/GradientTexture0.uasset" 219
"../../../Engine/Content/EngineSky/VolumetricClouds/T_NoiseShape64.uasset" 220
"../../../Engine/Content/EngineSky/VolumetricClouds/T_VolumeNoiseShape64.uasset" 221
"../../../Engine/Content/EngineSky/VolumetricClouds/T_NoiseErosion.uasset" 222
"../../../Engine/Content/EngineSky/VolumetricClouds/T_VolumeNoiseErosion32.uasset" 223
"../../../Engine/Content/EngineSky/VolumetricClouds/CloudWeatherTexture.uasset" 224
"../../../Engine/Content/EngineSky/VolumetricClouds/CloudGradientTexture.uasset" 225
"../../../Engine/Content/Functions/Engine_MaterialFunctions02/Utility/MakeFloat2.uasset" 226
"../../../Engine/Content/EngineSky/VolumetricClouds/m_SimpleVolumetricCloud.uasset" 227
"../../../Engine/Content/EngineSky/VolumetricClouds/m_SimpleVolumetricCloud_Inst.uasset" 228
"../../../Engine/Content/EngineSounds/Master.uasset" 229
"../../../Engine/Content/Functions/Engine_MaterialFunctions01/Shading/PowerToRoughness.uasset" 230
"../../../Engine/Content/Maps/Templates/Thumbnails/Default.uasset" 231
"../../../Engine/Content/Maps/Templates/Thumbnails/TimeOfDay.uasset" 232
"../../../Engine/Content/Maps/Templates/Thumbnails/VR-Basic.uasset" 233
"../../../Engine/Content/MobileResources/T_MobileControls_texture.uasset" 234
"../../../Engine/Content/MobileResources/T_MobileMenu2.uasset" 235
"../../../Engine/Content/MobileResources/HUD/AnalogHat.uasset" 236
"../../../Engine/Content/MobileResources/HUD/VirtualJoystick_Thumb.uasset" 237
"../../../Engine/Content/MobileResources/HUD/VirtualJoystick_Background.uasset" 238
"../../../Engine/Content/MobileResources/HUD/DefaultVirtualJoysticks.uasset" 239
"../../../Engine/Content/MobileResources/HUD/LeftVirtualJoystickOnly.uasset" 240
"../../../Engine/Content/MobileResources/HUD/MobileHUDButton1_off.uasset" 241
"../../../Engine/Content/MobileResources/HUD/MobileHUDButton1_on.uasset" 242
"../../../Engine/Content/MobileResources/HUD/MobileHUDButton2_off.uasset" 243
"../../../Engine/Content/MobileResources/HUD/MobileHUDButton2_on.uasset" 244
"../../../Engine/Content/MobileResources/HUD/MobileHUDButton3.uasset" 245
"../../../Engine/Content/MobileResources/HUD/MobileHUDButtonFire.uasset" 246
"../../../Engine/Content/MobileResources/HUD/MobileHUDDirectionPad.uasset" 247
"../../../Engine/Content/MobileResources/HUD/MobileHUDDirectionPad2.uasset" 248
"../../../Engine/Content/MobileResources/HUD/MobileHUDDirectionPad3.uasset" 249
"../../../Engine/Content/MobileResources/HUD/MobileHUDDirectionStick.uasset" 250
"../../../Engine/Content/MobileResources/HUD/T_Castle_ThumbstickInner.uasset" 251
"../../../Engine/Content/MobileResources/HUD/T_Castle_ThumbstickOutter.uasset" 252
"../../../Engine/Content/Tutorial/ContentIntroCurve.uasset" 253
"../../../Engine/Content/Tutorial/Basics/LevelEditorAttract.uasset" 254
"../../../Engine/Content/Tutorial/BlueprintTutorials/TutorialAssets/Blueprint_64x.uasset" 255
"../../../Engine/Content/Tutorial/BlueprintTutorials/BlueprintEditorTutorial.uasset" 256
"../../../Engine/Content/VREditor/TransformGizmo/TranslucentTransformGizmoMaterial.uasset" 257
"../../../Engine/Content/VREditor/LaserPointer/VR_LaserPower_01.uasset" 258
"../../../Engine/Content/VREditor/TransformGizmo/TransformGizmoMaterial.uasset" 259
"../../../Engine/Content/VREditor/TransformGizmo/BoundingBoxCorner.uasset" 260
"../../../Engine/Content/VREditor/TransformGizmo/BoundingBoxEdge.uasset" 261
"../../../Engine/Content/VREditor/TransformGizmo/PlaneTranslationHandle.uasset" 262
"../../../Engine/Content/VREditor/TransformGizmo/Xray.uasset" 263
"../../../Engine/Content/VREditor/TransformGizmo/Main.uasset" 264
"../../../Engine/Content/VREditor/TransformGizmo/SM_Sequencer_Key.uasset" 265
"../../../Engine/Content/VREditor/TransformGizmo/SM_Sequencer_Node.uasset" 266
"../../Plugins/2D/Paper2D/Content/PlaceholderTextures/DummySpriteTexture.uasset" 267
"../../Plugins/2D/Paper2D/Content/DummySprite.uasset" 268
"../../Plugins/2D/Paper2D/Content/DefaultPaperTerrainMaterial.uasset" 269
"../../Plugins/2D/Paper2D/Content/DefaultSpriteMaterial.uasset" 270
"../../Plugins/2D/Paper2D/Content/MaskedUnlitSpriteMaterial.uasset" 271
"../../Plugins/2D/Paper2D/Content/OpaqueUnlitSpriteMaterial.uasset" 272
"../../../Engine/Content/Functions/Engine_MaterialFunctions02/Utility/BreakOutFloat3Components.uasset" 273
"../../Plugins/Editor/SpeedTreeImporter/Content/SpeedTree9/UnpackInteger3.uasset" 274
"../../Plugins/Editor/SpeedTreeImporter/Content/SpeedTree9/UnpackDirection.uasset" 275
"../../Plugins/Editor/SpeedTreeImporter/Content/SpeedTree9/game_wind_noise.uasset" 276
"../../../Engine/Content/Functions/Engine_MaterialFunctions02/SafeNormalize.uasset" 277
"../../Plugins/Editor/SpeedTreeImporter/Content/SpeedTree9/SpeedTreeWindMotion.uasset" 278
"../../Plugins/Editor/SpeedTreeImporter/Content/SpeedTree9/SpeedTreeBranchMotion.uasset" 279
"../../../Engine/Content/Functions/Engine_MaterialFunctions02/ObjectLocalBounds.uasset" 280
"../../../Engine/Content/Functions/Engine_MaterialFunctions02/UVs/BoundingBoxBased_0-1_UVW.uasset" 281
"../../Plugins/Editor/SpeedTreeImporter/Content/SpeedTree9/SpeedTreeWind.uasset" 282
"../../Plugins/Editor/SpeedTreeImporter/Content/SpeedTree9/SpeedTreeBillboard.uasset" 283
"../../../Engine/Content/EngineResources/DefaultTexture.uasset" 284
"../../Plugins/Editor/SpeedTreeImporter/Content/SpeedTree9/SpeedTreeBillboardMaster.uasset" 285
"../../Plugins/Editor/SpeedTreeImporter/Content/SpeedTree9/SpeedTreeCameraFacing.uasset" 286
"../../Plugins/Editor/SpeedTreeImporter/Content/SpeedTree9/SpeedTreeMaster.uasset" 287
"../../../Engine/Content/BasicShapes/Cylinder.uasset" 288
"../../../Engine/Content/ArtTools/RenderToTexture/Materials/Debug/M_Emissive_Color.uasset" 289
"../../Plugins/Lumin/MagicLeapPassableWorld/Content/MagicLeapARPinInfoActor.uasset" 290
"../../../Engine/Content/Functions/Engine_MaterialFunctions02/Utility/BreakOutFloat4Components.uasset" 291
"../../../Engine/Content/Functions/Engine_MaterialFunctions02/Utility/MakeFloat3.uasset" 292
"../../Plugins/Runtime/Oculus/OculusVR/Content/Materials/OculusMR_ChromaKey.uasset" 293
"../../Plugins/Runtime/Oculus/OculusVR/Content/Materials/OculusMR_OpaqueColoredMaterial.uasset" 294
"../../Plugins/Runtime/Oculus/OculusVR/Content/Materials/PokeAHoleMaterial.uasset" 295
"../../../Engine/Content/MapTemplates/SM_Template_Map_Floor.uasset" 296
"../../../Engine/Content/EngineSky/T_Sky_Stars.uasset" 297
"../../../Engine/Content/EngineSky/T_Sky_Clouds_M.uasset" 298
"../../../Engine/Content/EngineSky/T_Sky_Blue.uasset" 299
"../../../Engine/Content/EngineSky/M_Sky_Panning_Clouds2.uasset" 300
"../../../../../../Users/1winl/Documents/GitHub/CIE_Project2/Content/PlayerMap_BuiltData.uasset" 301
"../../../../../../Users/1winl/Documents/GitHub/CIE_Project2/Content/ThirdPersonCPP/UI/PlayerHealth.uasset" 302
"../../../Engine/Content/EditorBlueprintResources/StandardMacros.uasset" 303
"../../../Engine/Content/EditorBlueprintResources/ActorMacros.uasset" 304
"../../../../../../Users/1winl/Documents/GitHub/CIE_Project2/Content/ParagonGreystone/Characters/Heroes/Greystone/Skins/Dragonlord/Textures/T_Greystone_Emiss.uasset" 305
"../../../../../../Users/1winl/Documents/GitHub/CIE_Project2/Content/ParagonGreystone/Characters/Heroes/Greystone/Textures/T_Greystone_Head_Torso_Mask02.uasset" 306
"../../../../../../Users/1winl/Documents/GitHub/CIE_Project2/Content/ParagonGreystone/Characters/Heroes/Greystone/Textures/T_Greystone_Head_Torso_Mask01.uasset" 307
"../../../../../../Users/1winl/Documents/GitHub/CIE_Project2/Content/ParagonGreystone/Characters/Heroes/Greystone/Textures/T_Greystone_Head_Torso_normals.uasset" 308
"../../../Engine/Content/Functions/MaterialLayerFunctions/MatLayerBlend_BakedNormal.uasset" 309
"../../../Engine/Content/Functions/MaterialLayerFunctions/MatLayerBlend_Standard.uasset" 310
"../../../Engine/Content/Functions/MaterialLayerFunctions/MatLayerBlend_TenLayerBlend.uasset" 311
"../../../../../../Users/1winl/Documents/GitHub/CIE_Project2/Content/ParagonGreystone/Characters/Heroes/Greystone/Textures/SSP_Greystone_Skin.uasset" 312
"../../../../../../Users/1winl/Documents/GitHub/CIE_Project2/Content/ParagonGreystone/Characters/Heroes/Greystone/Textures/T_Greystone_M_Torso_EMask.uasset" 313
"../../../../../../Users/1winl/Documents/GitHub/CIE_Project2/Content/ParagonGreystone/Characters/Heroes/Greystone/Textures/T_Plasma_Greystone_Seamless.uasset" 314
"../../../../../../Users/1winl/Documents/GitHub/CIE_Project2/Content/ParagonGreystone/Characters/Global/MaterialFunctions/MF_MatLayerBlend_StandardWithBaseNormal.uasset" 315
"../../../Engine/Content/Functions/MaterialLayerFunctions/MatLayerBlend_Emissive.uasset" 316
"../../../../../../Users/1winl/Documents/GitHub/CIE_Project2/Content/ParagonGreystone/Characters/Heroes/Greystone/Materials/mf_Greystone_Torso_DragonHeadEffects.uasset" 317
"../../../../../../Users/1winl/Documents/GitHub/CIE_Project2/Content/ParagonGreystone/Characters/Heroes/Greystone/Textures/T_Greystone_Head_Torso_RGB.uasset" 318
"../../../../../../Users/1winl/Documents/GitHub/CIE_Project2/Content/ParagonGreystone/Characters/Heroes/Greystone/Textures/T_Vert_Gradient_Soft.uasset" 319
"../../../../../../Users/1winl/Documents/GitHub/CIE_Project2/Content/ParagonGreystone/Characters/Heroes/Greystone/Textures/T_Greystone_Fbx_Default_Material_7_EMask.uasset" 320
"../../../../../../Users/1winl/Documents/GitHub/CIE_Project2/Content/ParagonGreystone/Characters/Heroes/Greystone/Textures/T_CloudSmoke_WispInk_Chromashift_Tile.uasset" 321
"../../../../../../Users/1winl/Documents/GitHub/CIE_Project2/Content/ParagonGreystone/Characters/Global/MaterialLayers/Rock/T_TilingRock_A_D.uasset" 322
"../../../../../../Users/1winl/Documents/GitHub/CIE_Project2/Content/ParagonGreystone/Characters/Global/MaterialLayers/Rock/T_HadriansWall_RockFaceTiling_N.uasset" 323
"../../../../../../Users/1winl/Documents/GitHub/CIE_Project2/Content/ParagonGreystone/Characters/Global/MaterialLayers/ML_FlatBlack.uasset" 324
"../../../Engine/Content/Functions/Engine_MaterialFunctions01/Texturing/FlattenNormal.uasset" 325
"../../../../../../Users/1winl/Documents/GitHub/CIE_Project2/Content/ParagonGreystone/Characters/Heroes/Greystone/Materials/MF_GreystoneEffects.uasset" 326
"../../../../../../Users/1winl/Documents/GitHub/CIE_Project2/Content/ParagonGreystone/Characters/Heroes/Greystone/Textures/T_GradientLaser_M.uasset" 327
"../../../../../../Users/1winl/Documents/GitHub/CIE_Project2/Content/ParagonGreystone/Characters/Global/MaterialFunctions/T_Flat_normal.uasset" 328
"../../../../../../Users/1winl/Documents/GitHub/CIE_Project2/Content/ParagonGreystone/Characters/Global/Hair/T_gradient_stasis.uasset" 329
"../../../../../../Users/1winl/Documents/GitHub/CIE_Project2/Content/ParagonGreystone/Characters/Global/MaterialLayers/Synthetics/ML_PulsingTronTube.uasset" 330
"../../../../../../Users/1winl/Documents/GitHub/CIE_Project2/Content/ParagonGreystone/Characters/Global/MaterialLayers/Metal/T_Greystone_Metal_Tiling_D.uasset" 331
"../../../../../../Users/1winl/Documents/GitHub/CIE_Project2/Content/ParagonGreystone/Characters/Global/MaterialLayers/Metal/T_Blank_N.uasset" 332
"../../../../../../Users/1winl/Documents/GitHub/CIE_Project2/Content/ParagonGreystone/Characters/Global/MaterialLayers/T_TestML_Mask.uasset" 333
"../../../Engine/Content/EngineMaterials/DefaultNormal.uasset" 334
"../../../Engine/Content/Functions/Engine_MaterialFunctions03/Blends/Lerp_ScratchGrime.uasset" 335
"../../../../../../Users/1winl/Documents/GitHub/CIE_Project2/Content/ParagonGreystone/Characters/Global/MaterialLayers/ML__Blank.uasset" 336
"../../../../../../Users/1winl/Documents/GitHub/CIE_Project2/Content/ParagonGreystone/Characters/Global/MaterialFunctions/MaterialLayerConstructors/MLC_Standard.uasset" 337
"../../../../../../Users/1winl/Documents/GitHub/CIE_Project2/Content/ParagonGreystone/Characters/Global/MaterialFunctions/MaterialLayerConstructors/MLC_ScratchAndGrime.uasset" 338
"../../../Engine/Content/Functions/MaterialLayerFunctions/MatLayerBlend_OverrideBaseColor.uasset" 339
"../../../Engine/Content/Functions/MaterialLayerFunctions/MatLayerBlend_BreakBaseColor.uasset" 340
"../../../../../../Users/1winl/Documents/GitHub/CIE_Project2/Content/ParagonGreystone/Characters/Global/MaterialLayers/Metal/ML_embossedSteel.uasset" 341
"../../../../../../Users/1winl/Documents/GitHub/CIE_Project2/Content/ParagonGreystone/Characters/Global/MaterialLayers/Metal/T_Dark_Metal_D_2.uasset" 342
"../../../../../../Users/1winl/Documents/GitHub/CIE_Project2/Content/ParagonGreystone/Characters/Global/MaterialLayers/Rubber/T_Blank_N.uasset" 343
"../../../../../../Users/1winl/Documents/GitHub/CIE_Project2/Content/ParagonGreystone/Characters/Global/MaterialFunctions/MF_Character_MaterialLayerQuality.uasset" 344
"../../../../../../Users/1winl/Documents/GitHub/CIE_Project2/Content/ParagonGreystone/Characters/Global/MaterialLayers/Metal/ML_Dark_Metal.uasset" 345
"../../../../../../Users/1winl/Documents/GitHub/CIE_Project2/Content/ParagonGreystone/Characters/Global/MaterialLayers/Metal/T_copper03.uasset" 346
"../../../../../../Users/1winl/Documents/GitHub/CIE_Project2/Content/ParagonGreystone/Characters/Global/MaterialLayers/Metal/T_Brushed_Copper_N.uasset" 347
"../../../Engine/Content/Functions/Engine_MaterialFunctions01/Shading/MetallicShading.uasset" 348
"../../../../../../Users/1winl/Documents/GitHub/CIE_Project2/Content/ParagonGreystone/Characters/Global/MaterialLayers/Metal/ML_Brushed_Copper6.uasset" 349
"../../../../../../Users/1winl/Documents/GitHub/CIE_Project2/Content/ParagonGreystone/Characters/Global/MaterialLayers/Leather/T_Dark_Leather_N.uasset" 350
"../../../../../../Users/1winl/Documents/GitHub/CIE_Project2/Content/ParagonGreystone/Characters/Global/MaterialLayers/Leather/T_Synthetic_Leather01_D.uasset" 351
"../../../../../../Users/1winl/Documents/GitHub/CIE_Project2/Content/ParagonGreystone/Characters/Global/MaterialFunctions/MaterialLayerConstructors/MF_RoughnessAdjustment.uasset" 352
"../../../../../../Users/1winl/Documents/GitHub/CIE_Project2/Content/ParagonGreystone/Characters/Global/MaterialFunctions/MaterialLayerConstructors/MF_BaseColorTintAndContrast.uasset" 353
"../../../../../../Users/1winl/Documents/GitHub/CIE_Project2/Content/ParagonGreystone/Characters/Global/MaterialLayers/Leather/ML_Synthetic_Leather_Dark.uasset" 354
"../../../../../../Users/1winl/Documents/GitHub/CIE_Project2/Content/ParagonGreystone/Characters/Global/MaterialLayers/Leather/T_leather_02.uasset" 355
"../../../../../../Users/1winl/Documents/GitHub/CIE_Project2/Content/ParagonGreystone/Characters/Global/MaterialLayers/Leather/T_Dark_Leather2_desat.uasset" 356
"../../../../../../Users/1winl/Documents/GitHub/CIE_Project2/Content/ParagonGreystone/Characters/Global/MaterialLayers/Leather/ML_Dark_Leather02_Brown_3.uasset" 357
"../../../../../../Users/1winl/Documents/GitHub/CIE_Project2/Content/ParagonGreystone/Characters/Global/T_Black_Linear.uasset" 358
"../../../../../../Users/1winl/Documents/GitHub/CIE_Project2/Content/ParagonGreystone/Characters/Global/MaterialFunctions/MF_OrionCharacterAO.uasset" 359
"../../../../../../Users/1winl/Documents/GitHub/CIE_Project2/Content/ParagonGreystone/Characters/Global/MaterialFunctions/ParameterCollections/OrionGlobalGameplayCollection.uasset" 360
"../../../../../../Users/1winl/Documents/GitHub/CIE_Project2/Content/ParagonGreystone/Characters/Global/MaterialLayers/Metal/T_Blue_Metal02.uasset" 361
"../../../../../../Users/1winl/Documents/GitHub/CIE_Project2/Content/ParagonGreystone/Characters/Global/MaterialLayers/Metal/ML_blue_Metal.uasset" 362
"../../../../../../Users/1winl/Documents/GitHub/CIE_Project2/Content/ParagonGreystone/Characters/Global/MaterialFunctions/MF_OrionRimlight.uasset" 363
"../../../Engine/Content/Functions/MaterialLayerFunctions/MatLayerBlend_Tint.uasset" 364
"../../../../../../Users/1winl/Documents/GitHub/CIE_Project2/Content/ParagonGreystone/Characters/Global/MaterialFunctions/MF_HitFlash.uasset" 365
"../../../../../../Users/1winl/Documents/GitHub/CIE_Project2/Content/ParagonGreystone/Characters/Global/MaterialFunctions/Textures/Noise/T_AtmosphericCloudNoise03.uasset" 366
"../../../../../../Users/1winl/Documents/GitHub/CIE_Project2/Content/ParagonGreystone/Characters/Global/MaterialFunctions/Textures/Noise/T_AtmosphericCloudNoise01_N.uasset" 367
"../../../../../../Users/1winl/Documents/GitHub/CIE_Project2/Content/ParagonGreystone/Characters/Global/MaterialFunctions/Textures/Noise/T_AtmosphericCloudNoise01.uasset" 368
"../../../Engine/Content/EngineMaterials/Good64x64TilingNoiseHighFreq.uasset" 369
"../../../Engine/Content/Functions/Engine_MaterialFunctions02/Texturing/ScreenAlignedPixelToPixelUVs.uasset" 370
"../../../Engine/Content/Functions/Engine_MaterialFunctions02/Utility/DitherTemporalAA.uasset" 371
"../../../Engine/Content/Functions/Engine_MaterialFunctions01/Gradient/LinearGradient.uasset" 372
"../../../Engine/Content/Functions/Engine_MaterialFunctions01/ImageAdjustment/CheapContrast.uasset" 373
"../../../Engine/Content/Functions/Engine_MaterialFunctions01/Texturing/WorldAlignedTexture.uasset" 374
"../../../../../../Users/1winl/Documents/GitHub/CIE_Project2/Content/ParagonGreystone/Characters/Global/MaterialFunctions/MF_DeathFade.uasset" 375
"../../../../../../Users/1winl/Documents/GitHub/CIE_Project2/Content/ParagonGreystone/Characters/Global/MaterialFunctions/MF_BrightnessAdjust.uasset" 376
"../../../../../../Users/1winl/Documents/GitHub/CIE_Project2/Content/ParagonGreystone/Characters/Global/MaterialFunctions/MF_CharacterEffects.uasset" 377
"../../../../../../Users/1winl/Documents/GitHub/CIE_Project2/Content/ParagonGreystone/Characters/Heroes/Greystone/Skins/Dragonlord/Materials/M_Greystone_Dragonlord_Torso.uasset" 378
"../../../../../../Users/1winl/Documents/GitHub/CIE_Project2/Content/ParagonGreystone/Characters/Heroes/Greystone/Textures/T_Greystone_SwordShieldFurHair_RGB.uasset" 379
"../../../../../../Users/1winl/Documents/GitHub/CIE_Project2/Content/ParagonGreystone/Characters/Heroes/Greystone/Textures/T_Greystone_SwordShieldFurHair_normals.uasset" 380
"../../../../../../Users/1winl/Documents/GitHub/CIE_Project2/Content/ParagonGreystone/Characters/Heroes/Greystone/Textures/T_Greystone_Shield_Mask01.uasset" 381
"../../../../../../Users/1winl/Documents/GitHub/CIE_Project2/Content/ParagonGreystone/Characters/Heroes/Greystone/Textures/T_Greystone_M_shield_EMask.uasset" 382
"../../../../../../Users/1winl/Documents/GitHub/CIE_Project2/Content/ParagonGreystone/Characters/Heroes/Greystone/Materials/mf_Greystone_shield_Emissives.uasset" 383
"../../../../../../Users/1winl/Documents/GitHub/CIE_Project2/Content/ParagonGreystone/Characters/Heroes/Greystone/Skins/Dragonlord/Materials/M_Greystone_Dragonlord_shield.uasset" 384
"../../../../../../Users/1winl/Documents/GitHub/CIE_Project2/Content/ParagonGreystone/Characters/Heroes/Greystone/Textures/T_Greystone_M_legs_EMask.uasset" 385
"../../../../../../Users/1winl/Documents/GitHub/CIE_Project2/Content/ParagonGreystone/Characters/Heroes/Greystone/Textures/T_Greystone_Legs_Mask01.uasset" 386
"../../../../../../Users/1winl/Documents/GitHub/CIE_Project2/Content/ParagonGreystone/Characters/Heroes/Greystone/Textures/T_Greystone_Legs_Cloth_RGB.uasset" 387
"../../../../../../Users/1winl/Documents/GitHub/CIE_Project2/Content/ParagonGreystone/Characters/Heroes/Greystone/Textures/T_Greystone_Legs_Cloth_normals.uasset" 388
"../../../../../../Users/1winl/Documents/GitHub/CIE_Project2/Content/ParagonGreystone/Characters/Global/MaterialLayers/Leather/T_ML_FineLeather01_N.uasset" 389
"../../../../../../Users/1winl/Documents/GitHub/CIE_Project2/Content/ParagonGreystone/Characters/Global/MaterialLayers/Leather/T_ML_FineLeather01.uasset" 390
"../../../../../../Users/1winl/Documents/GitHub/CIE_Project2/Content/ParagonGreystone/Characters/Global/MaterialLayers/Leather/ML_ThinLeather01_Colored.uasset" 391
"../../../../../../Users/1winl/Documents/GitHub/CIE_Project2/Content/ParagonGreystone/Characters/Global/MaterialLayers/Fabric/T_UnpleasentGrime_D.uasset" 392
"../../../../../../Users/1winl/Documents/GitHub/CIE_Project2/Content/ParagonGreystone/Characters/Global/MaterialLayers/Fabric/T_HeavyFabric02_N.uasset" 393
"../../../../../../Users/1winl/Documents/GitHub/CIE_Project2/Content/ParagonGreystone/Characters/Global/MaterialLayers/Fabric/T_HeavyFabric02.uasset" 394
"../../../Engine/Content/EngineMaterials/FlatNormal.uasset" 395
"../../../../../../Users/1winl/Documents/GitHub/CIE_Project2/Content/ParagonGreystone/Characters/Global/MaterialFunctions/MF_ClothShading.uasset" 396
"../../../../../../Users/1winl/Documents/GitHub/CIE_Project2/Content/ParagonGreystone/Characters/Global/MaterialLayers/Fabric/ML_HeavyFabric03.uasset" 397
"../../../../../../Users/1winl/Documents/GitHub/CIE_Project2/Content/ParagonGreystone/Characters/Heroes/Greystone/Skins/Dragonlord/Materials/M_Greystone_Dragonlord_legs.uasset" 398
"../../../../../../Users/1winl/Documents/GitHub/CIE_Project2/Content/ParagonGreystone/Characters/Heroes/Greystone/Skins/Dragonlord/Textures/T_Greystone_Dragonlord_Head_Torso_Color.uasset" 399
"../../../../../../Users/1winl/Documents/GitHub/CIE_Project2/Content/ParagonGreystone/Characters/Heroes/Greystone/Textures/T_Greystone_M_Flesh_head_EMask.uasset" 400
"../../../../../../Users/1winl/Documents/GitHub/CIE_Project2/Content/ParagonGreystone/Characters/Heroes/Greystone/Textures/T_Greystone_Head_Torso_Spec.uasset" 401
"../../../../../../Users/1winl/Documents/GitHub/CIE_Project2/Content/ParagonGreystone/Characters/Global/MaterialLayers/Skin/T_Pore_Specular.uasset" 402
"../../../../../../Users/1winl/Documents/GitHub/CIE_Project2/Content/ParagonGreystone/Characters/Global/MaterialLayers/Skin/T_Pore_Normals2.uasset" 403
"../../../../../../Users/1winl/Documents/GitHub/CIE_Project2/Content/ParagonGreystone/Characters/Global/MaterialFunctions/MF_SkinPores.uasset" 404
"../../../../../../Users/1winl/Documents/GitHub/CIE_Project2/Content/ParagonGreystone/Characters/Global/MaterialLayers/Skin/ML_Skin.uasset" 405
"../../../../../../Users/1winl/Documents/GitHub/CIE_Project2/Content/ParagonGreystone/Characters/Heroes/Greystone/Skins/Dragonlord/Materials/M_Greystone_Dragonlord_Flesh_head.uasset" 406
"../../../../../../Users/1winl/Documents/GitHub/CIE_Project2/Content/ParagonGreystone/Characters/Heroes/Greystone/Textures/T_Greystone_ShoulderArms_RGB.uasset" 407
"../../../../../../Users/1winl/Documents/GitHub/CIE_Project2/Content/ParagonGreystone/Characters/Heroes/Greystone/Textures/T_Greystone_ShoulderArms_normals.uasset" 408
"../../../../../../Users/1winl/Documents/GitHub/CIE_Project2/Content/ParagonGreystone/Characters/Heroes/Greystone/Textures/T_Greystone_ShoulderArms_Mask02.uasset" 409
"../../../../../../Users/1winl/Documents/GitHub/CIE_Project2/Content/ParagonGreystone/Characters/Heroes/Greystone/Textures/T_Greystone_ShoulderArms_Mask01.uasset" 410
"../../../../../../Users/1winl/Documents/GitHub/CIE_Project2/Content/ParagonGreystone/Characters/Heroes/Greystone/Textures/T_Greystone_arms_EMask.uasset" 411
"../../../../../../Users/1winl/Documents/GitHub/CIE_Project2/Content/ParagonGreystone/Characters/Heroes/Greystone/Skins/Dragonlord/Materials/M_Greystone_Dragonlord_arms.uasset" 412
"../../../../../../Users/1winl/Documents/GitHub/CIE_Project2/Content/ParagonGreystone/Characters/Global/Hair/SharedHairContent/FemaleHairSet02/T_FemaleHairSet02_Roots.uasset" 413
"../../../../../../Users/1winl/Documents/GitHub/CIE_Project2/Content/ParagonGreystone/Characters/Global/Hair/SharedHairContent/FemaleHairSet02/T_FemaleHairSet02_Opacity.uasset" 414
"../../../../../../Users/1winl/Documents/GitHub/CIE_Project2/Content/ParagonGreystone/Characters/Global/Hair/SharedHairContent/FemaleHairSet02/T_FemaleHairSet02_ID.uasset" 415
"../../../../../../Users/1winl/Documents/GitHub/CIE_Project2/Content/ParagonGreystone/Characters/Global/Hair/SharedHairContent/FemaleHairSet02/T_FemaleHairSet02_Depth.uasset" 416
"../../../../../../Users/1winl/Documents/GitHub/CIE_Project2/Content/ParagonGreystone/Characters/Global/Hair/TestContent/T_HairClump02_Roots.uasset" 417
"../../../../../../Users/1winl/Documents/GitHub/CIE_Project2/Content/ParagonGreystone/Characters/Global/Hair/TestContent/T_HairClump02_ID.uasset" 418
"../../../../../../Users/1winl/Documents/GitHub/CIE_Project2/Content/ParagonGreystone/Characters/Global/Hair/TestContent/T_HairClump02_DyeMask.uasset" 419
"../../../../../../Users/1winl/Documents/GitHub/CIE_Project2/Content/ParagonGreystone/Characters/Global/Hair/TestContent/T_HairClump02_Depth.uasset" 420
"../../../../../../Users/1winl/Documents/GitHub/CIE_Project2/Content/ParagonGreystone/Characters/Global/Hair/TestContent/T_HairClump02_Alpha.uasset" 421
"../../../Engine/Content/EngineResources/Black.uasset" 422
"../../../Engine/Content/EditorMaterials/Cascade/CASC_Solo_On.uasset" 423
"../../../../../../Users/1winl/Documents/GitHub/CIE_Project2/Content/ParagonGreystone/Characters/Global/MaterialFunctions/MF_ParagonCharacterHairWind.uasset" 424
"../../../Engine/Content/Functions/Engine_MaterialFunctions02/Math/MultiplyAdd.uasset" 425
"../../../../../../Users/1winl/Documents/GitHub/CIE_Project2/Content/ParagonGreystone/Characters/Global/Hair/Materials/MF_BlendHairColorsWithParam.uasset" 426
"../../../../../../Users/1winl/Documents/GitHub/CIE_Project2/Content/ParagonGreystone/Characters/Global/Hair/T_Fire_Tiled_D.uasset" 427
"../../../../../../Users/1winl/Documents/GitHub/CIE_Project2/Content/ParagonGreystone/Characters/Global/Hair/T_Caustics_2.uasset" 428
"../../../Engine/Content/Functions/Engine_MaterialFunctions02/HueShift.uasset" 429
"../../../../../../Users/1winl/Documents/GitHub/CIE_Project2/Content/ParagonGreystone/Characters/Global/Hair/Materials/M_HairSheet_Master2.uasset" 430
"../../../../../../Users/1winl/Documents/GitHub/CIE_Project2/Content/ParagonGreystone/Characters/Global/Hair/T_GreystoneHair_Flow.uasset" 431
"../../../../../../Users/1winl/Documents/GitHub/CIE_Project2/Content/ParagonGreystone/Characters/Heroes/Greystone/Skins/Dragonlord/Materials/MIC_Greystone_Hair_Dragonlord.uasset" 432
"../../../../../../Users/1winl/Documents/GitHub/CIE_Project2/Content/ParagonGreystone/Characters/Heroes/Greystone/Skins/Dragonlord/Textures/T_Greystone_Dragonlord_furColor.uasset" 433
"../../../../../../Users/1winl/Documents/GitHub/CIE_Project2/Content/ParagonGreystone/Characters/Global/Hair/SharedHairContent/AnimalHairSet01/T_AnimalHairSet01_Root.uasset" 434
"../../../../../../Users/1winl/Documents/GitHub/CIE_Project2/Content/ParagonGreystone/Characters/Global/Hair/SharedHairContent/AnimalHairSet01/T_AnimalHairSet01_Opacity.uasset" 435
"../../../../../../Users/1winl/Documents/GitHub/CIE_Project2/Content/ParagonGreystone/Characters/Global/Hair/SharedHairContent/AnimalHairSet01/T_AnimalHairSet01_ID.uasset" 436
"../../../../../../Users/1winl/Documents/GitHub/CIE_Project2/Content/ParagonGreystone/Characters/Global/Hair/SharedHairContent/AnimalHairSet01/T_AnimalHairSet01_Depth.uasset" 437
"../../../../../../Users/1winl/Documents/GitHub/CIE_Project2/Content/ParagonGreystone/Characters/Heroes/Greystone/Skins/Dragonlord/Materials/MIC_Dragonlord_Fur.uasset" 438
"../../../../../../Users/1winl/Documents/GitHub/CIE_Project2/Content/ParagonGreystone/Characters/Heroes/Greystone/Meshes/Greystone_PhysicsAsset_shadow.uasset" 439
"../../../../../../Users/1winl/Documents/GitHub/CIE_Project2/Content/ParagonGreystone/Characters/Heroes/Greystone/Meshes/Greystone_PhysicsAsset.uasset" 440
"../../../../../../Users/1winl/Documents/GitHub/CIE_Project2/Content/ParagonGreystone/Characters/Global/Eyes/Textures/Example/T_EyeScleraBaseColor_Example_3.uasset" 441
"../../../../../../Users/1winl/Documents/GitHub/CIE_Project2/Content/ParagonGreystone/Characters/Global/Eyes/Textures/Example/T_EyeIrisBaseColor_Example_5.uasset" 442
"../../../../../../Users/1winl/Documents/GitHub/CIE_Project2/Content/ParagonGreystone/Characters/Global/Eyes/Textures/T_Swirly_Noise.uasset" 443
"../../../../../../Users/1winl/Documents/GitHub/CIE_Project2/Content/ParagonGreystone/Characters/Global/Eyes/Textures/T_EpicQuadPanorama_CC.uasset" 444
"../../../../../../Users/1winl/Documents/GitHub/CIE_Project2/Content/ParagonGreystone/Characters/Global/Eyes/Textures/T_DecalMask_Radial03.uasset" 445
"../../../../../../Users/1winl/Documents/GitHub/CIE_Project2/Content/ParagonGreystone/Characters/Global/Eyes/Textures/Example/T_Sphere_EYE_NORMALS.uasset" 446
"../../../../../../Users/1winl/Documents/GitHub/CIE_Project2/Content/ParagonGreystone/Characters/Global/Eyes/Textures/Example/T_EyeScleraBaseColor_Example_2.uasset" 447
"../../../../../../Users/1winl/Documents/GitHub/CIE_Project2/Content/ParagonGreystone/Characters/Global/Eyes/Textures/Example/T_EyeIrisBaseColor_Example_2.uasset" 448
"../../../../../../Users/1winl/Documents/GitHub/CIE_Project2/Content/ParagonGreystone/Characters/Global/Eyes/Textures/Example/T_Eye_Wet_Normal.uasset" 449
"../../../../../../Users/1winl/Documents/GitHub/CIE_Project2/Content/ParagonGreystone/Characters/Global/Eyes/Textures/Example/T_EYE_NORMALS.uasset" 450
"../../../../../../Users/1winl/Documents/GitHub/CIE_Project2/Content/ParagonGreystone/Characters/Global/Eyes/Textures/Example/SSP_EyeInner_Profile.uasset" 451
"../../../Engine/Content/Functions/Engine_MaterialFunctions01/ImageAdjustment/DeriveHDRfromLDR.uasset" 452
"../../../../../../Users/1winl/Documents/GitHub/CIE_Project2/Content/ParagonGreystone/Characters/Global/Eyes/Textures/T_Greystone_Corona_D.uasset" 453
"../../../../../../Users/1winl/Documents/GitHub/CIE_Project2/Content/ParagonGreystone/Characters/Global/Eyes/MaterialFunctions/ML_GreystoneULTEye.uasset" 454
"../../../../../../Users/1winl/Documents/GitHub/CIE_Project2/Content/ParagonGreystone/Characters/Global/Eyes/Textures/Example/T_EyeMidPlaneDisplacement_Example.uasset" 455
"../../../Engine/Content/Functions/Engine_MaterialFunctions02/Utility/VectorLength.uasset" 456
"../../../Engine/Content/Functions/Engine_MaterialFunctions02/TangentBasis.uasset" 457
"../../../Engine/Content/Functions/Engine_MaterialFunctions01/Texturing/ScaleUVsByCenter.uasset" 458
"../../../../../../Users/1winl/Documents/GitHub/CIE_Project2/Content/ParagonGreystone/Characters/Global/Eyes/MaterialFunctions/ML_EyeRefraction.uasset" 459
"../../../../../../Users/1winl/Documents/GitHub/CIE_Project2/Content/ParagonGreystone/Characters/Global/Eyes/Materials/M_EyeRefractive.uasset" 460
"../../../../../../Users/1winl/Documents/GitHub/CIE_Project2/Content/ParagonGreystone/Characters/Heroes/Greystone/Skins/Dragonlord/Materials/M_Greystone_Dragonlord_EyeRefractive_Inst.uasset" 461
"../../../../../../Users/1winl/Documents/GitHub/CIE_Project2/Content/ParagonGreystone/Characters/Global/Eyes/Materials/M_TearLine.uasset" 462
"../../../../../../Users/1winl/Documents/GitHub/CIE_Project2/Content/ParagonGreystone/Characters/Heroes/Greystone/Materials/M_TearLine_Inst2.uasset" 463
"../../../../../../Users/1winl/Documents/GitHub/CIE_Project2/Content/ParagonGreystone/Characters/Global/Eyes/Textures/T_Eye_Tearduct__normals2.uasset" 464
"../../../../../../Users/1winl/Documents/GitHub/CIE_Project2/Content/ParagonGreystone/Characters/Global/Eyes/Textures/SSP_TearDuctSubsurfaceProfile.uasset" 465
"../../../../../../Users/1winl/Documents/GitHub/CIE_Project2/Content/ParagonGreystone/Characters/Global/Eyes/Materials/M_TearDuct_2.uasset" 466
"../../../../../../Users/1winl/Documents/GitHub/CIE_Project2/Content/ParagonGreystone/Characters/Heroes/Greystone/Materials/M_TearDuct_Darker.uasset" 467
"../../../../../../Users/1winl/Documents/GitHub/CIE_Project2/Content/ParagonGreystone/Characters/Heroes/Greystone/Textures/T_Rock_StoneMask.uasset" 468
"../../../../../../Users/1winl/Documents/GitHub/CIE_Project2/Content/ParagonGreystone/Characters/Heroes/Greystone/Textures/T_Greystone_HairEffects_MASK.uasset" 469
"../../../../../../Users/1winl/Documents/GitHub/CIE_Project2/Content/ParagonGreystone/Characters/Heroes/Greystone/Materials/M_Greystone_RockHair.uasset" 470
"../../../../../../Users/1winl/Documents/GitHub/CIE_Project2/Content/ParagonGreystone/Characters/Heroes/Greystone/Textures/T_Greystone_Legs_Mask02.uasset" 471
"../../../../../../Users/1winl/Documents/GitHub/CIE_Project2/Content/ParagonGreystone/Characters/Global/MaterialLayers/Rubber/T_Rubber_2_N.uasset" 472
"../../../../../../Users/1winl/Documents/GitHub/CIE_Project2/Content/ParagonGreystone/Characters/Global/MaterialLayers/Rubber/T_Rubber_2.uasset" 473
"../../../../../../Users/1winl/Documents/GitHub/CIE_Project2/Content/ParagonGreystone/Characters/Global/MaterialLayers/Rubber/ML_Light_Shiny_Rubber.uasset" 474
"../../../../../../Users/1winl/Documents/GitHub/CIE_Project2/Content/ParagonGreystone/Characters/Global/MaterialLayers/Metal/T_ML_Aluminum01_N.uasset" 475
"../../../../../../Users/1winl/Documents/GitHub/CIE_Project2/Content/ParagonGreystone/Characters/Global/MaterialLayers/Metal/T_Gray_Flat_Black.uasset" 476
"../../../../../../Users/1winl/Documents/GitHub/CIE_Project2/Content/ParagonGreystone/Characters/Global/MaterialLayers/Metal/ML_Steel_v001_GrayBlack_Shiny_helmet.uasset" 477
"../../../../../../Users/1winl/Documents/GitHub/CIE_Project2/Content/ParagonGreystone/Characters/Global/MaterialLayers/Metal/T_ML_Gold_Metal01.uasset" 478
"../../../../../../Users/1winl/Documents/GitHub/CIE_Project2/Content/ParagonGreystone/Characters/Global/MaterialLayers/Metal/ML_Gold_Metal02.uasset" 479
"../../../../../../Users/1winl/Documents/GitHub/CIE_Project2/Content/ParagonGreystone/Characters/Heroes/Greystone/Materials/M_Greystone_legs.uasset" 480
"../../../../../../Users/1winl/Documents/GitHub/CIE_Project2/Content/ParagonGreystone/Characters/Global/Hair/SharedHairContent/AnimalHairSet01/T_Greystone_Rabbit_HairColor.uasset" 481
"../../../../../../Users/1winl/Documents/GitHub/CIE_Project2/Content/ParagonGreystone/Characters/Heroes/Greystone/Materials/MIC_GreystoneFur.uasset" 482
"../../../../../../Users/1winl/Documents/GitHub/CIE_Project2/Content/ParagonGreystone/Characters/Global/Mouth/Textures/T_TeethAndTongue_N.uasset" 483
"../../../../../../Users/1winl/Documents/GitHub/CIE_Project2/Content/ParagonGreystone/Characters/Global/Mouth/Textures/T_TeethAndTongue_D2.uasset" 484
"../../../../../../Users/1winl/Documents/GitHub/CIE_Project2/Content/ParagonGreystone/Characters/Global/Mouth/Textures/T_Master_Mouth_1_RGB.uasset" 485
"../../../../../../Users/1winl/Documents/GitHub/CIE_Project2/Content/ParagonGreystone/Characters/Global/Mouth/Textures/T_Master_Mouth_1_N.uasset" 486
"../../../../../../Users/1winl/Documents/GitHub/CIE_Project2/Content/ParagonGreystone/Characters/Global/Mouth/Textures/T_Master_Mouth_1_COLOR.uasset" 487
"../../../../../../Users/1winl/Documents/GitHub/CIE_Project2/Content/ParagonGreystone/Characters/Global/Mouth/Materials/SSP_TeethSubsurfaceProfile.uasset" 488
"../../../../../../Users/1winl/Documents/GitHub/CIE_Project2/Content/ParagonGreystone/Characters/Global/Mouth/Materials/M_Mouth_Master.uasset" 489
"../../../../../../Users/1winl/Documents/GitHub/CIE_Project2/Content/ParagonGreystone/Characters/Global/Mouth/Materials/M_Mouth_MId_color.uasset" 490
"../../../../../../Users/1winl/Documents/GitHub/CIE_Project2/Content/ParagonGreystone/Characters/Global/Eyes/Textures/T_EyeOcclusion2.uasset" 491
"../../../Engine/Content/Functions/Engine_MaterialFunctions02/Utility/CameraVectorWithWPOOptions.uasset" 492
"../../../Engine/Content/Functions/Engine_MaterialFunctions01/ImageAdjustment/BlurSampleOffsets.uasset" 493
"../../../Engine/Content/Functions/Engine_MaterialFunctions01/ImageAdjustment/SceneTextureAverage.uasset" 494
"../../../../../../Users/1winl/Documents/GitHub/CIE_Project2/Content/ParagonGreystone/Characters/Global/Eyes/Materials/M_Eye_Occlusion.uasset" 495
"../../../../../../Users/1winl/Documents/GitHub/CIE_Project2/Content/ParagonGreystone/Characters/Global/Eyelash/T_Universal_Eyelashes_D.uasset" 496
"../../../../../../Users/1winl/Documents/GitHub/CIE_Project2/Content/ParagonGreystone/Characters/Global/Eyelash/M_EyelashMaster.uasset" 497
"../../../../../../Users/1winl/Documents/GitHub/CIE_Project2/Content/ParagonGreystone/Characters/Global/Eyelash/M_EyelashMaster_Inst.uasset" 498
"../../../../../../Users/1winl/Documents/GitHub/CIE_Project2/Content/ParagonGreystone/Characters/Heroes/Greystone/Skins/Dragonlord/Meshes/Greystone_Dragonlord.uasset" 499
"../../../../../../Users/1winl/Documents/GitHub/CIE_Project2/Content/ParagonGreystone/Characters/Heroes/Greystone/Animations/Jog_Fwd.uasset" 500
"../../../../../../Users/1winl/Documents/GitHub/CIE_Project2/Content/ParagonGreystone/Characters/Heroes/Greystone/Animations/Idle.uasset" 501
"../../../../../../Users/1winl/Documents/GitHub/CIE_Project2/Content/ParagonGreystone/Characters/Heroes/Greystone/Animations/HitReact_Left.uasset" 502
"../../../../../../Users/1winl/Documents/GitHub/CIE_Project2/Content/ParagonGreystone/Characters/Heroes/Greystone/Animations/hitleftgg.uasset" 503
"../../../../../../Users/1winl/Documents/GitHub/CIE_Project2/Content/ThirdPersonCPP/DealDamageNotify.uasset" 504
"../../../../../../Users/1winl/Documents/GitHub/CIE_Project2/Content/ParagonGreystone/Characters/Heroes/Greystone/Animations/Attack_PrimaryA.uasset" 505
"../../../../../../Users/1winl/Documents/GitHub/CIE_Project2/Content/ParagonGreystone/Characters/Heroes/Greystone/Animations/Attack_PrimaryA_Montage.uasset" 506
"../../../../../../Users/1winl/Documents/GitHub/CIE_Project2/Content/ParagonGreystone/Characters/Heroes/Greystone/Animations/Jog_Uphill_Fwd.uasset" 507
"../../../../../../Users/1winl/Documents/GitHub/CIE_Project2/Content/ParagonGreystone/Characters/Heroes/Greystone/Animations/Jog_Fwd_Circle_Right.uasset" 508
"../../../../../../Users/1winl/Documents/GitHub/CIE_Project2/Content/ParagonGreystone/Characters/Heroes/Greystone/Animations/Jog_Fwd_Circle_Left.uasset" 509
"../../../../../../Users/1winl/Documents/GitHub/CIE_Project2/Content/ParagonGreystone/Characters/Heroes/Greystone/Animations/Jog_Downhill_Fwd.uasset" 510
"../../../../../../Users/1winl/Documents/GitHub/CIE_Project2/Content/ParagonGreystone/Characters/Heroes/Greystone/Animations/Blendspaces/JogFwdSlopeLean.uasset" 511
"../../../../../../Users/1winl/Documents/GitHub/CIE_Project2/Content/ParagonGreystone/Characters/Heroes/Greystone/Animations/Jump_Start.uasset" 512
"../../../../../../Users/1winl/Documents/GitHub/CIE_Project2/Content/ParagonGreystone/Characters/Heroes/Greystone/Animations/Jump_Recovery_Additive.uasset" 513
"../../../../../../Users/1winl/Documents/GitHub/CIE_Project2/Content/ParagonGreystone/Characters/Heroes/Greystone/Animations/Jump_Land.uasset" 514
"../../../../../../Users/1winl/Documents/GitHub/CIE_Project2/Content/ParagonGreystone/Characters/Heroes/Greystone/Animations/Jump_Apex.uasset" 515
"../../../../../../Users/1winl/Documents/GitHub/CIE_Project2/Content/ParagonGreystone/Characters/Heroes/Greystone/Animations/Jog_Fwd_Stop.uasset" 516
"../../../../../../Users/1winl/Documents/GitHub/CIE_Project2/Content/ParagonGreystone/Characters/Heroes/Greystone/Animations/Jog_Fwd_Start.uasset" 517
"../../../../../../Users/1winl/Documents/GitHub/CIE_Project2/Content/ParagonGreystone/Characters/Heroes/Greystone/Animations/LevelStart.uasset" 518
"../../../../../../Users/1winl/Documents/GitHub/CIE_Project2/Content/ParagonGreystone/Characters/Heroes/Greystone/Animations/LevelStart_Montage.uasset" 519
"../../../../../../Users/1winl/Documents/GitHub/CIE_Project2/Content/ParagonGreystone/Characters/Heroes/Greystone/Animations/AimOffsets/Idle_AO_CC.uasset" 520
"../../../../../../Users/1winl/Documents/GitHub/CIE_Project2/Content/ParagonGreystone/Characters/Heroes/Greystone/Animations/AimOffsets/Idle_AO_RU.uasset" 521
"../../../../../../Users/1winl/Documents/GitHub/CIE_Project2/Content/ParagonGreystone/Characters/Heroes/Greystone/Animations/AimOffsets/Idle_AO_RD.uasset" 522
"../../../../../../Users/1winl/Documents/GitHub/CIE_Project2/Content/ParagonGreystone/Characters/Heroes/Greystone/Animations/AimOffsets/Idle_AO_RC.uasset" 523
"../../../../../../Users/1winl/Documents/GitHub/CIE_Project2/Content/ParagonGreystone/Characters/Heroes/Greystone/Animations/AimOffsets/Idle_AO_LU.uasset" 524
"../../../../../../Users/1winl/Documents/GitHub/CIE_Project2/Content/ParagonGreystone/Characters/Heroes/Greystone/Animations/AimOffsets/Idle_AO_LD.uasset" 525
"../../../../../../Users/1winl/Documents/GitHub/CIE_Project2/Content/ParagonGreystone/Characters/Heroes/Greystone/Animations/AimOffsets/Idle_AO_LC.uasset" 526
"../../../../../../Users/1winl/Documents/GitHub/CIE_Project2/Content/ParagonGreystone/Characters/Heroes/Greystone/Animations/AimOffsets/Idle_AO_CU.uasset" 527
"../../../../../../Users/1winl/Documents/GitHub/CIE_Project2/Content/ParagonGreystone/Characters/Heroes/Greystone/Animations/AimOffsets/Idle_AO_CD.uasset" 528
"../../../../../../Users/1winl/Documents/GitHub/CIE_Project2/Content/ParagonGreystone/Characters/Heroes/Greystone/Animations/AimOffsets/Greystone_AO_Blendspace.uasset" 529
"../../../../../../Users/1winl/Documents/GitHub/CIE_Project2/Content/ParagonGreystone/Characters/Heroes/Greystone/Materials/M_Greystone_Torso.uasset" 530
"../../../../../../Users/1winl/Documents/GitHub/CIE_Project2/Content/ParagonGreystone/Characters/Heroes/Greystone/Materials/M_Greystone_shield.uasset" 531
"../../../../../../Users/1winl/Documents/GitHub/CIE_Project2/Content/ParagonGreystone/Characters/Heroes/Greystone/Textures/T_Greystone_Head_Torso_Color.uasset" 532
"../../../../../../Users/1winl/Documents/GitHub/CIE_Project2/Content/ParagonGreystone/Characters/Heroes/Greystone/Materials/M_Greystone_Flesh_head.uasset" 533
"../../../../../../Users/1winl/Documents/GitHub/CIE_Project2/Content/ParagonGreystone/Characters/Heroes/Greystone/Textures/T_Greystone_M_Flesh_Arms_EMask.uasset" 534
"../../../../../../Users/1winl/Documents/GitHub/CIE_Project2/Content/ParagonGreystone/Characters/Heroes/Greystone/Materials/M_Greystone_Flesh_Arms.uasset" 535
"../../../../../../Users/1winl/Documents/GitHub/CIE_Project2/Content/ParagonGreystone/Characters/Heroes/Greystone/Materials/M_Greystone_arms.uasset" 536
"../../../../../../Users/1winl/Documents/GitHub/CIE_Project2/Content/ParagonGreystone/Characters/Heroes/Greystone/Materials/MIC_GreystoneHair.uasset" 537
"../../../../../../Users/1winl/Documents/GitHub/CIE_Project2/Content/ParagonGreystone/Characters/Heroes/Greystone/Meshes/Greystone.uasset" 538
"../../../../../../Users/1winl/Documents/GitHub/CIE_Project2/Content/ParagonGreystone/Characters/Heroes/Greystone/Animations/Attack_PrimaryC.uasset" 539
"../../../../../../Users/1winl/Documents/GitHub/CIE_Project2/Content/ParagonGreystone/Characters/Heroes/Greystone/Animations/Attack_PrimaryC_Montage.uasset" 540
"../../../../../../Users/1winl/Documents/GitHub/CIE_Project2/Content/ParagonGreystone/Characters/Heroes/Greystone/Animations/Attack_PrimaryB.uasset" 541
"../../../../../../Users/1winl/Documents/GitHub/CIE_Project2/Content/ParagonGreystone/Characters/Heroes/Greystone/Animations/Attack_PrimaryB_Montage.uasset" 542
"../../../../../../Users/1winl/Documents/GitHub/CIE_Project2/Content/ParagonGreystone/Characters/Heroes/Greystone/GreystonePlayerCharacter.uasset" 543
"../../../../../../Users/1winl/Documents/GitHub/CIE_Project2/Content/ParagonGreystone/Characters/Heroes/Greystone/Greystone_AnimBlueprint.uasset" 544
"../../../../../../Users/1winl/Documents/GitHub/CIE_Project2/Content/ThirdPersonCPP/Player.uasset" 545
"../../../../../../Users/1winl/Documents/GitHub/CIE_Project2/Content/ThirdPersonCPP/PlayerTesting.uasset" 546
"../../../../../../Users/1winl/Documents/GitHub/CIE_Project2/Content/StarterContent/Textures/T_Lamp_N.uasset" 547
"../../../../../../Users/1winl/Documents/GitHub/CIE_Project2/Content/StarterContent/Textures/T_Lamp_M.uasset" 548
"../../../../../../Users/1winl/Documents/GitHub/CIE_Project2/Content/StarterContent/Props/Materials/M_Lamp.uasset" 549
"../../../../../../Users/1winl/Documents/GitHub/CIE_Project2/Content/StarterContent/Props/SM_Lamp_Ceiling.uasset" 550
"../../../../../../Users/1winl/Documents/GitHub/CIE_Project2/Content/StarterContent/Blueprints/Blueprint_CeilingLight.uasset" 551
"../../../../../../Users/1winl/Documents/GitHub/CIE_Project2/Content/ThirdPersonCPP/Blueprints/SpawnLocation.uasset" 552
"../../../Engine/Content/EngineSky/SM_SkySphere.uasset" 553
"../../../Engine/Content/EngineSky/C_Sky_Zenith_Color.uasset" 554
"../../../Engine/Content/EngineSky/C_Sky_Horizon_Color.uasset" 555
"../../../Engine/Content/EngineSky/C_Sky_Cloud_Color.uasset" 556
"../../../Engine/Content/EngineSky/BP_Sky_Sphere.uasset" 557
"../../../../../../Users/1winl/Documents/GitHub/CIE_Project2/Content/Mannequin/Animations/ThirdPersonWalk.uasset" 558
"../../../../../../Users/1winl/Documents/GitHub/CIE_Project2/Content/Mannequin/Animations/ThirdPersonRun.uasset" 559
"../../../../../../Users/1winl/Documents/GitHub/CIE_Project2/Content/Mannequin/Animations/ThirdPersonIdle.uasset" 560
"../../../../../../Users/1winl/Documents/GitHub/CIE_Project2/Content/Mannequin/Animations/ThirdPerson_IdleRun_2D.uasset" 561
"../../../../../../Users/1winl/Documents/GitHub/CIE_Project2/Content/Mannequin/Animations/ThirdPerson_Jump.uasset" 562
"../../../../../../Users/1winl/Documents/GitHub/CIE_Project2/Content/Mannequin/Animations/ThirdPersonJump_Start.uasset" 563
"../../../../../../Users/1winl/Documents/GitHub/CIE_Project2/Content/Mannequin/Animations/ThirdPersonJump_Loop.uasset" 564
"../../../../../../Users/1winl/Documents/GitHub/CIE_Project2/Content/Mannequin/Animations/ThirdPerson_AnimBP.uasset" 565
"../../../../../../Users/1winl/Documents/GitHub/CIE_Project2/Content/Mannequin/Character/Mesh/SK_Mannequin_PhysicsAsset.uasset" 566
"../../../../../../Users/1winl/Documents/GitHub/CIE_Project2/Content/Mannequin/Character/Mesh/SK_Mannequin.uasset" 567
"../../../../../../Users/1winl/Documents/GitHub/CIE_Project2/Content/ThirdPersonCPP/Dummy.uasset" 568
"../../../../../../Users/1winl/Documents/GitHub/CIE_Project2/Content/PlayerMap.umap" 569
"../../../Engine/Content/EditorMeshes/ColorCalibrator/M_GreyBall.uasset" 570
"../../../Engine/Content/EditorMeshes/ColorCalibrator/Color_checker.uasset" 571
"../../../Engine/Content/EditorMeshes/ColorCalibrator/M_ColorGrid.uasset" 572
"../../../Engine/Content/EditorMeshes/ColorCalibrator/M_ClearCoatBlack.uasset" 573
"../../../Engine/Content/EditorMeshes/ColorCalibrator/M_ClearCoat.uasset" 574
"../../../Engine/Content/EditorMeshes/ColorCalibrator/M_ChromeBall.uasset" 575
"../../../Engine/Content/EditorMeshes/ColorCalibrator/SM_ColorCalibrator.uasset" 576
"../../../../../../Users/1winl/Documents/GitHub/CIE_Project2/Content/StarterContent/Maps/Advanced_Lighting_BuiltData.uasset" 577
"../../../../../../Users/1winl/Documents/GitHub/CIE_Project2/Content/StarterContent/HDRI/HDRI_Epic_Courtyard_Daylight.uasset" 578
"../../../Engine/Content/MapTemplates/Sky/DaylightAmbientCubemap.uasset" 579
"../../../../../../Users/1winl/Documents/GitHub/CIE_Project2/Content/StarterContent/Blueprints/Assets/M_LightStage_Skybox_Master.uasset" 580
"../../../../../../Users/1winl/Documents/GitHub/CIE_Project2/Content/StarterContent/Blueprints/Assets/M_LightStage_Skybox_HDRI.uasset" 581
"../../../../../../Users/1winl/Documents/GitHub/CIE_Project2/Content/StarterContent/Blueprints/Assets/M_LightStage_Arrows.uasset" 582
"../../../../../../Users/1winl/Documents/GitHub/CIE_Project2/Content/StarterContent/Blueprints/Assets/SM_Arrows.uasset" 583
"../../../Engine/Content/EditorMaterials/Thumbnails/SkySphereMaterial.uasset" 584
"../../../../../../Users/1winl/Documents/GitHub/CIE_Project2/Content/StarterContent/Blueprints/Assets/Skybox.uasset" 585
"../../../../../../Users/1winl/Documents/GitHub/CIE_Project2/Content/StarterContent/Blueprints/Assets/M_LightStage_Skybox_Black.uasset" 586
"../../../../../../Users/1winl/Documents/GitHub/CIE_Project2/Content/StarterContent/Blueprints/Assets/SunlightColorLUT.uasset" 587
"../../../../../../Users/1winl/Documents/GitHub/CIE_Project2/Content/StarterContent/Blueprints/Assets/FogBrightnessLUT.uasset" 588
"../../../../../../Users/1winl/Documents/GitHub/CIE_Project2/Content/StarterContent/Blueprints/BP_LightStudio.uasset" 589
"../../../../../../Users/1winl/Documents/GitHub/CIE_Project2/Content/StarterContent/Materials/M_AssetPlatform.uasset" 590
"../../../../../../Users/1winl/Documents/GitHub/CIE_Project2/Content/StarterContent/Architecture/SM_AssetPlatform.uasset" 591
"../../../../../../Users/1winl/Documents/GitHub/CIE_Project2/Content/StarterContent/Maps/Advanced_Lighting.umap" 592
"../../../../../../Users/1winl/Documents/GitHub/CIE_Project2/Content/StarterContent/Textures/T_TableRound_N.uasset" 593
"../../../../../../Users/1winl/Documents/GitHub/CIE_Project2/Content/StarterContent/Textures/T_TableRound_M.uasset" 594
"../../../../../../Users/1winl/Documents/GitHub/CIE_Project2/Content/StarterContent/Props/Materials/M_TableRound.uasset" 595
"../../../../../../Users/1winl/Documents/GitHub/CIE_Project2/Content/StarterContent/Props/SM_TableRound.uasset" 596
"../../../../../../Users/1winl/Documents/GitHub/CIE_Project2/Content/StarterContent/Textures/T_Statue_N.uasset" 597
"../../../../../../Users/1winl/Documents/GitHub/CIE_Project2/Content/StarterContent/Textures/T_Statue_M.uasset" 598
"../../../../../../Users/1winl/Documents/GitHub/CIE_Project2/Content/StarterContent/Props/Materials/M_Statue.uasset" 599
"../../../../../../Users/1winl/Documents/GitHub/CIE_Project2/Content/StarterContent/Props/Materials/M_StatueGlass.uasset" 600
"../../../../../../Users/1winl/Documents/GitHub/CIE_Project2/Content/StarterContent/Props/SM_Statue.uasset" 601
"../../../../../../Users/1winl/Documents/GitHub/CIE_Project2/Content/StarterContent/Props/SM_Chair.uasset" 602
"../../../../../../Users/1winl/Documents/GitHub/CIE_Project2/Content/StarterContent/Textures/T_Metal_Copper_D.uasset" 603
"../../../../../../Users/1winl/Documents/GitHub/CIE_Project2/Content/StarterContent/Textures/T_Metal_Gold_N.uasset" 604
"../../../../../../Users/1winl/Documents/GitHub/CIE_Project2/Content/StarterContent/Textures/T_MacroVariation.uasset" 605
"../../../../../../Users/1winl/Documents/GitHub/CIE_Project2/Content/StarterContent/Materials/M_Metal_Copper.uasset" 606
"../../../../../../Users/1winl/Documents/GitHub/CIE_Project2/Content/StarterContent/Textures/T_Metal_Aluminum_D.uasset" 607
"../../../../../../Users/1winl/Documents/GitHub/CIE_Project2/Content/StarterContent/Materials/M_Metal_Burnished_Steel.uasset" 608
"../../../../../../Users/1winl/Documents/GitHub/CIE_Project2/Content/StarterContent/Materials/M_Metal_Brushed_Nickel.uasset" 609
"../../../../../../Users/1winl/Documents/GitHub/CIE_Project2/Content/StarterContent/Maps/Minimal_Default_BuiltData.uasset" 610
"../../../../../../Users/1winl/Documents/GitHub/CIE_Project2/Content/StarterContent/Audio/Starter_Background_Cue.uasset" 611
"../../../../../../Users/1winl/Documents/GitHub/CIE_Project2/Content/StarterContent/Architecture/Floor_400x400.uasset" 612
"../../../../../../Users/1winl/Documents/GitHub/CIE_Project2/Content/StarterContent/Maps/Minimal_Default.umap" 613
"../../../../../../Users/1winl/Documents/GitHub/CIE_Project2/Content/StarterContent/Textures/T_Brick_Clay_Beveled_N.uasset" 614
"../../../../../../Users/1winl/Documents/GitHub/CIE_Project2/Content/StarterContent/Textures/T_Brick_Clay_Beveled_M.uasset" 615
"../../../../../../Users/1winl/Documents/GitHub/CIE_Project2/Content/StarterContent/Textures/T_Brick_Clay_Beveled_D.uasset" 616
"../../../../../../Users/1winl/Documents/GitHub/CIE_Project2/Content/StarterContent/Materials/M_Brick_Clay_Beveled.uasset" 617
"../../../Engine/Content/Functions/Engine_MaterialFunctions03/Procedurals/ComputeFilterWidth.uasset" 618
"../../../Engine/Content/EngineMaterials/AntiAliasedTextMaterialTranslucent.uasset" 619
"../../../../../../Users/1winl/Documents/GitHub/CIE_Project2/Content/StarterContent/Maps/StarterMap_BuiltData.uasset" 620
"../../../../../../Users/1winl/Documents/GitHub/CIE_Project2/Content/StarterContent/Props/SM_Lamp_Wall.uasset" 621
"../../../../../../Users/1winl/Documents/GitHub/CIE_Project2/Content/StarterContent/Blueprints/Blueprint_WallSconce.uasset" 622
"../../../../../../Users/1winl/Documents/GitHub/CIE_Project2/Content/StarterContent/Particles/P_Steam_Lit.uasset" 623
"../../../../../../Users/1winl/Documents/GitHub/CIE_Project2/Content/StarterContent/Audio/Steam01_Cue.uasset" 624
"../../../../../../Users/1winl/Documents/GitHub/CIE_Project2/Content/StarterContent/Blueprints/Blueprint_Effect_Steam.uasset" 625
"../../../../../../Users/1winl/Documents/GitHub/CIE_Project2/Content/StarterContent/Textures/T_Spark_Core.uasset" 626
"../../../../../../Users/1winl/Documents/GitHub/CIE_Project2/Content/StarterContent/Particles/Materials/M_Spark.uasset" 627
"../../../../../../Users/1winl/Documents/GitHub/CIE_Project2/Content/StarterContent/Particles/Materials/M_Radial_Gradient.uasset" 628
"../../../../../../Users/1winl/Documents/GitHub/CIE_Project2/Content/StarterContent/Particles/P_Sparks.uasset" 629
"../../../../../../Users/1winl/Documents/GitHub/CIE_Project2/Content/StarterContent/Audio/Fire_Sparks01_Cue.uasset" 630
"../../../../../../Users/1winl/Documents/GitHub/CIE_Project2/Content/StarterContent/Blueprints/Blueprint_Effect_Sparks.uasset" 631
"../../../../../../Users/1winl/Documents/GitHub/CIE_Project2/Content/StarterContent/Particles/P_Smoke.uasset" 632
"../../../../../../Users/1winl/Documents/GitHub/CIE_Project2/Content/StarterContent/Audio/Smoke01_Cue.uasset" 633
"../../../../../../Users/1winl/Documents/GitHub/CIE_Project2/Content/StarterContent/Blueprints/Blueprint_Effect_Smoke.uasset" 634
"../../../../../../Users/1winl/Documents/GitHub/CIE_Project2/Content/StarterContent/Textures/T_Water_N.uasset" 635
"../../../../../../Users/1winl/Documents/GitHub/CIE_Project2/Content/StarterContent/Particles/Materials/M_Heat_Distortion.uasset" 636
"../../../../../../Users/1winl/Documents/GitHub/CIE_Project2/Content/StarterContent/Textures/T_Fire_Tiled_D.uasset" 637
"../../../../../../Users/1winl/Documents/GitHub/CIE_Project2/Content/StarterContent/Textures/T_Fire_SubUV.uasset" 638
"../../../../../../Users/1winl/Documents/GitHub/CIE_Project2/Content/StarterContent/Particles/Materials/M_Fire_SubUV.uasset" 639
"../../../../../../Users/1winl/Documents/GitHub/CIE_Project2/Content/StarterContent/Particles/P_Fire.uasset" 640
"../../../../../../Users/1winl/Documents/GitHub/CIE_Project2/Content/StarterContent/Audio/Fire01_Cue.uasset" 641
"../../../../../../Users/1winl/Documents/GitHub/CIE_Project2/Content/StarterContent/Blueprints/Blueprint_Effect_Fire.uasset" 642
"../../../../../../Users/1winl/Documents/GitHub/CIE_Project2/Content/StarterContent/Audio/Starter_Music_Cue.uasset" 643
"../../../../../../Users/1winl/Documents/GitHub/CIE_Project2/Content/StarterContent/Audio/Collapse_Cue.uasset" 644
"../../../../../../Users/1winl/Documents/GitHub/CIE_Project2/Content/StarterContent/Architecture/Wall_Window_400x300.uasset" 645
"../../../../../../Users/1winl/Documents/GitHub/CIE_Project2/Content/StarterContent/Architecture/Wall_Door_400x300.uasset" 646
"../../../../../../Users/1winl/Documents/GitHub/CIE_Project2/Content/StarterContent/Architecture/Wall_400x200.uasset" 647
"../../../../../../Users/1winl/Documents/GitHub/CIE_Project2/Content/StarterContent/Shapes/Shape_Sphere.uasset" 648
"../../../../../../Users/1winl/Documents/GitHub/CIE_Project2/Content/StarterContent/Shapes/Shape_QuadPyramid.uasset" 649
"../../../../../../Users/1winl/Documents/GitHub/CIE_Project2/Content/StarterContent/Shapes/Shape_Cube.uasset" 650
"../../../../../../Users/1winl/Documents/GitHub/CIE_Project2/Content/StarterContent/Textures/T_Frame_N.uasset" 651
"../../../../../../Users/1winl/Documents/GitHub/CIE_Project2/Content/StarterContent/Textures/T_Frame_M.uasset" 652
"../../../../../../Users/1winl/Documents/GitHub/CIE_Project2/Content/StarterContent/Props/Materials/M_Frame.uasset" 653
"../../../../../../Users/1winl/Documents/GitHub/CIE_Project2/Content/StarterContent/Props/SM_WindowFrame.uasset" 654
"../../../../../../Users/1winl/Documents/GitHub/CIE_Project2/Content/StarterContent/Props/SM_PillarFrame300.uasset" 655
"../../../../../../Users/1winl/Documents/GitHub/CIE_Project2/Content/StarterContent/Props/SM_PillarFrame.uasset" 656
"../../../../../../Users/1winl/Documents/GitHub/CIE_Project2/Content/StarterContent/Props/SM_GlassWindow.uasset" 657
"../../../../../../Users/1winl/Documents/GitHub/CIE_Project2/Content/StarterContent/Props/SM_DoorFrame.uasset" 658
"../../../../../../Users/1winl/Documents/GitHub/CIE_Project2/Content/StarterContent/Props/SM_CornerFrame.uasset" 659
"../../../../../../Users/1winl/Documents/GitHub/CIE_Project2/Content/StarterContent/Props/MaterialSphere.uasset" 660
"../../../../../../Users/1winl/Documents/GitHub/CIE_Project2/Content/StarterContent/Textures/T_Dust_Particle_D.uasset" 661
"../../../../../../Users/1winl/Documents/GitHub/CIE_Project2/Content/StarterContent/Particles/Materials/M_Dust_Particle.uasset" 662
"../../../../../../Users/1winl/Documents/GitHub/CIE_Project2/Content/StarterContent/Particles/P_Ambient_Dust.uasset" 663
"../../../../../../Users/1winl/Documents/GitHub/CIE_Project2/Content/StarterContent/Textures/T_Wood_Walnut_N.uasset" 664
"../../../../../../Users/1winl/Documents/GitHub/CIE_Project2/Content/StarterContent/Textures/T_Wood_Walnut_D.uasset" 665
"../../../../../../Users/1winl/Documents/GitHub/CIE_Project2/Content/StarterContent/Materials/M_Wood_Walnut.uasset" 666
"../../../../../../Users/1winl/Documents/GitHub/CIE_Project2/Content/StarterContent/Textures/T_Wood_Pine_N.uasset" 667
"../../../../../../Users/1winl/Documents/GitHub/CIE_Project2/Content/StarterContent/Textures/T_Wood_Pine_D.uasset" 668
"../../../../../../Users/1winl/Documents/GitHub/CIE_Project2/Content/StarterContent/Textures/T_Perlin_Noise_M.uasset" 669
"../../../../../../Users/1winl/Documents/GitHub/CIE_Project2/Content/StarterContent/Materials/M_Wood_Pine.uasset" 670
"../../../../../../Users/1winl/Documents/GitHub/CIE_Project2/Content/StarterContent/Textures/T_Wood_Oak_N.uasset" 671
"../../../../../../Users/1winl/Documents/GitHub/CIE_Project2/Content/StarterContent/Textures/T_Wood_Oak_D.uasset" 672
"../../../../../../Users/1winl/Documents/GitHub/CIE_Project2/Content/StarterContent/Materials/M_Wood_Oak.uasset" 673
"../../../Engine/Content/Functions/Engine_MaterialFunctions01/Opacity/AlphaOffset.uasset" 674
"../../../../../../Users/1winl/Documents/GitHub/CIE_Project2/Content/StarterContent/Textures/T_Wood_Floor_Walnut_N.uasset" 675
"../../../../../../Users/1winl/Documents/GitHub/CIE_Project2/Content/StarterContent/Textures/T_Wood_Floor_Walnut_M.uasset" 676
"../../../../../../Users/1winl/Documents/GitHub/CIE_Project2/Content/StarterContent/Textures/T_Wood_Floor_Walnut_D.uasset" 677
"../../../../../../Users/1winl/Documents/GitHub/CIE_Project2/Content/StarterContent/Materials/M_Wood_Floor_Walnut_Worn.uasset" 678
"../../../../../../Users/1winl/Documents/GitHub/CIE_Project2/Content/StarterContent/Materials/M_Wood_Floor_Walnut_Polished.uasset" 679
"../../../../../../Users/1winl/Documents/GitHub/CIE_Project2/Content/StarterContent/Textures/T_Water_M.uasset" 680
"../../../../../../Users/1winl/Documents/GitHub/CIE_Project2/Content/StarterContent/Materials/M_Water_Ocean.uasset" 681
"../../../../../../Users/1winl/Documents/GitHub/CIE_Project2/Content/StarterContent/Materials/M_Water_Lake.uasset" 682
"../../../../../../Users/1winl/Documents/GitHub/CIE_Project2/Content/StarterContent/Textures/T_Tech_Panel_N.uasset" 683
"../../../../../../Users/1winl/Documents/GitHub/CIE_Project2/Content/StarterContent/Textures/T_Tech_Panel_M.uasset" 684
"../../../../../../Users/1winl/Documents/GitHub/CIE_Project2/Content/StarterContent/Textures/T_Metal_Steel_D.uasset" 685
"../../../../../../Users/1winl/Documents/GitHub/CIE_Project2/Content/StarterContent/Materials/M_Tech_Panel.uasset" 686
"../../../../../../Users/1winl/Documents/GitHub/CIE_Project2/Content/StarterContent/Textures/T_Tech_Hex_Tile_N.uasset" 687
"../../../../../../Users/1winl/Documents/GitHub/CIE_Project2/Content/StarterContent/Textures/T_Tech_Hex_Tile_M.uasset" 688
"../../../../../../Users/1winl/Documents/GitHub/CIE_Project2/Content/StarterContent/Materials/M_Tech_Hex_Tile_Pulse.uasset" 689
"../../../../../../Users/1winl/Documents/GitHub/CIE_Project2/Content/StarterContent/Materials/M_Tech_Hex_Tile.uasset" 690
"../../../../../../Users/1winl/Documents/GitHub/CIE_Project2/Content/StarterContent/Textures/T_Tech_Dot_N.uasset" 691
"../../../../../../Users/1winl/Documents/GitHub/CIE_Project2/Content/StarterContent/Textures/T_Tech_Dot_M.uasset" 692
"../../../../../../Users/1winl/Documents/GitHub/CIE_Project2/Content/StarterContent/Textures/T_Single_Tile_N.uasset" 693
"../../../../../../Users/1winl/Documents/GitHub/CIE_Project2/Content/StarterContent/Textures/T_Checker_Noise_M.uasset" 694
"../../../../../../Users/1winl/Documents/GitHub/CIE_Project2/Content/StarterContent/Materials/M_Tech_Checker_Dot.uasset" 695
"../../../../../../Users/1winl/Documents/GitHub/CIE_Project2/Content/StarterContent/Textures/T_Rock_Slate_N.uasset" 696
"../../../../../../Users/1winl/Documents/GitHub/CIE_Project2/Content/StarterContent/Textures/T_Rock_Slate_D.uasset" 697
"../../../../../../Users/1winl/Documents/GitHub/CIE_Project2/Content/StarterContent/Materials/M_Rock_Slate.uasset" 698
"../../../../../../Users/1winl/Documents/GitHub/CIE_Project2/Content/StarterContent/Textures/T_Rock_Sandstone_N.uasset" 699
"../../../../../../Users/1winl/Documents/GitHub/CIE_Project2/Content/StarterContent/Textures/T_Rock_Sandstone_D.uasset" 700
"../../../../../../Users/1winl/Documents/GitHub/CIE_Project2/Content/StarterContent/Materials/M_Rock_Sandstone.uasset" 701
"../../../../../../Users/1winl/Documents/GitHub/CIE_Project2/Content/StarterContent/Textures/T_Rock_Marble_Polished_D.uasset" 702
"../../../../../../Users/1winl/Documents/GitHub/CIE_Project2/Content/StarterContent/Materials/M_Rock_Marble_Polished.uasset" 703
"../../../../../../Users/1winl/Documents/GitHub/CIE_Project2/Content/StarterContent/Textures/T_Rock_Basalt_N.uasset" 704
"../../../../../../Users/1winl/Documents/GitHub/CIE_Project2/Content/StarterContent/Materials/M_Rock_Basalt.uasset" 705
"../../../../../../Users/1winl/Documents/GitHub/CIE_Project2/Content/StarterContent/Textures/T_Metal_Steel_N.uasset" 706
"../../../../../../Users/1winl/Documents/GitHub/CIE_Project2/Content/StarterContent/Materials/M_Metal_Steel.uasset" 707
"../../../../../../Users/1winl/Documents/GitHub/CIE_Project2/Content/StarterContent/Textures/T_Metal_Rust_D.uasset" 708
"../../../../../../Users/1winl/Documents/GitHub/CIE_Project2/Content/StarterContent/Textures/T_Metal_Rust_N.uasset" 709
"../../../../../../Users/1winl/Documents/GitHub/CIE_Project2/Content/StarterContent/Materials/M_Metal_Rust.uasset" 710
"../../../../../../Users/1winl/Documents/GitHub/CIE_Project2/Content/StarterContent/Textures/T_Metal_Gold_D.uasset" 711
"../../../../../../Users/1winl/Documents/GitHub/CIE_Project2/Content/StarterContent/Materials/M_Metal_Gold.uasset" 712
"../../../../../../Users/1winl/Documents/GitHub/CIE_Project2/Content/StarterContent/Materials/M_Metal_Chrome.uasset" 713
"../../../../../../Users/1winl/Documents/GitHub/CIE_Project2/Content/StarterContent/Textures/T_Ground_Moss_N.uasset" 714
"../../../../../../Users/1winl/Documents/GitHub/CIE_Project2/Content/StarterContent/Textures/T_ground_Moss_D.uasset" 715
"../../../../../../Users/1winl/Documents/GitHub/CIE_Project2/Content/StarterContent/Materials/M_Ground_Moss.uasset" 716
"../../../../../../Users/1winl/Documents/GitHub/CIE_Project2/Content/StarterContent/Textures/T_Ground_Gravel_N.uasset" 717
"../../../../../../Users/1winl/Documents/GitHub/CIE_Project2/Content/StarterContent/Textures/T_Ground_Gravel_D.uasset" 718
"../../../../../../Users/1winl/Documents/GitHub/CIE_Project2/Content/StarterContent/Materials/M_Ground_Gravel.uasset" 719
"../../../../../../Users/1winl/Documents/GitHub/CIE_Project2/Content/StarterContent/Textures/T_Ground_Grass_N.uasset" 720
"../../../../../../Users/1winl/Documents/GitHub/CIE_Project2/Content/StarterContent/Textures/T_Ground_Grass_D.uasset" 721
"../../../../../../Users/1winl/Documents/GitHub/CIE_Project2/Content/StarterContent/Materials/M_Ground_Grass.uasset" 722
"../../../../../../Users/1winl/Documents/GitHub/CIE_Project2/Content/StarterContent/Textures/T_Concrete_Tiles_Variation_M.uasset" 723
"../../../../../../Users/1winl/Documents/GitHub/CIE_Project2/Content/StarterContent/Textures/T_Concrete_Tiles_N.uasset" 724
"../../../../../../Users/1winl/Documents/GitHub/CIE_Project2/Content/StarterContent/Textures/T_Concrete_Tiles_M.uasset" 725
"../../../../../../Users/1winl/Documents/GitHub/CIE_Project2/Content/StarterContent/Textures/T_Concrete_Tiles_D.uasset" 726
"../../../../../../Users/1winl/Documents/GitHub/CIE_Project2/Content/StarterContent/Materials/M_Concrete_Tiles.uasset" 727
"../../../../../../Users/1winl/Documents/GitHub/CIE_Project2/Content/StarterContent/Textures/T_Concrete_Poured_N.uasset" 728
"../../../../../../Users/1winl/Documents/GitHub/CIE_Project2/Content/StarterContent/Textures/T_Concrete_Poured_D.uasset" 729
"../../../../../../Users/1winl/Documents/GitHub/CIE_Project2/Content/StarterContent/Materials/M_Concrete_Poured.uasset" 730
"../../../../../../Users/1winl/Documents/GitHub/CIE_Project2/Content/StarterContent/Textures/T_Concrete_Panels_N.uasset" 731
"../../../../../../Users/1winl/Documents/GitHub/CIE_Project2/Content/StarterContent/Textures/T_Concrete_Panels_D.uasset" 732
"../../../../../../Users/1winl/Documents/GitHub/CIE_Project2/Content/StarterContent/Materials/M_Concrete_Panels.uasset" 733
"../../../../../../Users/1winl/Documents/GitHub/CIE_Project2/Content/StarterContent/Textures/T_Concrete_Grime_D.uasset" 734
"../../../../../../Users/1winl/Documents/GitHub/CIE_Project2/Content/StarterContent/Materials/M_Concrete_Grime.uasset" 735
"../../../../../../Users/1winl/Documents/GitHub/CIE_Project2/Content/StarterContent/Textures/T_CobbleStone_Smooth_N.uasset" 736
"../../../../../../Users/1winl/Documents/GitHub/CIE_Project2/Content/StarterContent/Textures/T_CobbleStone_Smooth_M.uasset" 737
"../../../../../../Users/1winl/Documents/GitHub/CIE_Project2/Content/StarterContent/Textures/T_CobbleStone_Smooth_D.uasset" 738
"../../../../../../Users/1winl/Documents/GitHub/CIE_Project2/Content/StarterContent/Textures/T_Rock_Smooth_Granite_D.uasset" 739
"../../../../../../Users/1winl/Documents/GitHub/CIE_Project2/Content/StarterContent/Textures/T_Gradinet_01.uasset" 740
"../../../../../../Users/1winl/Documents/GitHub/CIE_Project2/Content/StarterContent/Materials/M_CobbleStone_Smooth.uasset" 741
"../../../../../../Users/1winl/Documents/GitHub/CIE_Project2/Content/StarterContent/Textures/T_CobbleStone_Rough_N.uasset" 742
"../../../../../../Users/1winl/Documents/GitHub/CIE_Project2/Content/StarterContent/Textures/T_CobbleStone_Rough_D.uasset" 743
"../../../../../../Users/1winl/Documents/GitHub/CIE_Project2/Content/StarterContent/Materials/M_CobbleStone_Rough.uasset" 744
"../../../../../../Users/1winl/Documents/GitHub/CIE_Project2/Content/StarterContent/Textures/T_CobbleStone_Pebble_N.uasset" 745
"../../../../../../Users/1winl/Documents/GitHub/CIE_Project2/Content/StarterContent/Textures/T_CobbleStone_Pebble_M.uasset" 746
"../../../../../../Users/1winl/Documents/GitHub/CIE_Project2/Content/StarterContent/Textures/T_CobbleStone_Pebble_D.uasset" 747
"../../../../../../Users/1winl/Documents/GitHub/CIE_Project2/Content/StarterContent/Materials/M_CobbleStone_Pebble.uasset" 748
"../../../../../../Users/1winl/Documents/GitHub/CIE_Project2/Content/StarterContent/Textures/T_Ceramic_Tile_N.uasset" 749
"../../../../../../Users/1winl/Documents/GitHub/CIE_Project2/Content/StarterContent/Textures/T_Ceramic_Tile_M.uasset" 750
"../../../../../../Users/1winl/Documents/GitHub/CIE_Project2/Content/StarterContent/Materials/M_Ceramic_Tile_Checker.uasset" 751
"../../../../../../Users/1winl/Documents/GitHub/CIE_Project2/Content/StarterContent/Textures/T_Brick_Hewn_Stone_N.uasset" 752
"../../../../../../Users/1winl/Documents/GitHub/CIE_Project2/Content/StarterContent/Textures/T_Brick_Hewn_Stone_M.uasset" 753
"../../../../../../Users/1winl/Documents/GitHub/CIE_Project2/Content/StarterContent/Textures/T_Brick_Hewn_Stone_D.uasset" 754
"../../../../../../Users/1winl/Documents/GitHub/CIE_Project2/Content/StarterContent/Materials/M_Brick_Hewn_Stone.uasset" 755
"../../../../../../Users/1winl/Documents/GitHub/CIE_Project2/Content/StarterContent/Textures/T_Brick_Cut_Stone_N.uasset" 756
"../../../../../../Users/1winl/Documents/GitHub/CIE_Project2/Content/StarterContent/Textures/T_Brick_Cut_Stone_D.uasset" 757
"../../../../../../Users/1winl/Documents/GitHub/CIE_Project2/Content/StarterContent/Materials/M_Brick_Cut_Stone.uasset" 758
"../../../../../../Users/1winl/Documents/GitHub/CIE_Project2/Content/StarterContent/Textures/T_Brick_Clay_Old_N.uasset" 759
"../../../../../../Users/1winl/Documents/GitHub/CIE_Project2/Content/StarterContent/Textures/T_Brick_Clay_Old_D.uasset" 760
"../../../../../../Users/1winl/Documents/GitHub/CIE_Project2/Content/StarterContent/Materials/M_Brick_Clay_Old.uasset" 761
"../../../../../../Users/1winl/Documents/GitHub/CIE_Project2/Content/StarterContent/Textures/T_Brick_Clay_New_N.uasset" 762
"../../../../../../Users/1winl/Documents/GitHub/CIE_Project2/Content/StarterContent/Textures/T_Brick_Clay_New_M.uasset" 763
"../../../../../../Users/1winl/Documents/GitHub/CIE_Project2/Content/StarterContent/Textures/T_Brick_Clay_New_D.uasset" 764
"../../../../../../Users/1winl/Documents/GitHub/CIE_Project2/Content/StarterContent/Materials/M_Brick_Clay_New.uasset" 765
"../../../../../../Users/1winl/Documents/GitHub/CIE_Project2/Content/StarterContent/Maps/StarterMap.umap" 766
"../../../../../../Users/1winl/Documents/GitHub/CIE_Project2/Content/ThirdPersonCPP/Maps/ThirdPersonExampleMap_BuiltData.uasset" 767
"../../../../../../Users/1winl/Documents/GitHub/CIE_Project2/Content/ThirdPersonCPP/Blueprints/ThirdPersonCharacter.uasset" 768
"../../../../../../Users/1winl/Documents/GitHub/CIE_Project2/Content/ThirdPerson/Meshes/RampMaterial.uasset" 769
"../../../../../../Users/1winl/Documents/GitHub/CIE_Project2/Content/ThirdPerson/Meshes/RightArm_StaticMesh.uasset" 770
"../../../../../../Users/1winl/Documents/GitHub/CIE_Project2/Content/ThirdPerson/Meshes/Ramp_StaticMesh.uasset" 771
"../../../../../../Users/1winl/Documents/GitHub/CIE_Project2/Content/ThirdPerson/Meshes/Linear_Stair_StaticMesh.uasset" 772
"../../../../../../Users/1winl/Documents/GitHub/CIE_Project2/Content/ThirdPerson/Meshes/LeftArm_StaticMesh.uasset" 773
"../../../../../../Users/1winl/Documents/GitHub/CIE_Project2/Content/ThirdPerson/Meshes/Bump_StaticMesh.uasset" 774
"../../../../../../Users/1winl/Documents/GitHub/CIE_Project2/Content/Geometry/Meshes/CubeMaterial.uasset" 775
"../../../../../../Users/1winl/Documents/GitHub/CIE_Project2/Content/Geometry/Meshes/TemplateFloor.uasset" 776
"../../../../../../Users/1winl/Documents/GitHub/CIE_Project2/Content/Geometry/Meshes/1M_Cube_Chamfer.uasset" 777
"../../../../../../Users/1winl/Documents/GitHub/CIE_Project2/Content/Geometry/Meshes/1M_Cube.uasset" 778
"../../../../../../Users/1winl/Documents/GitHub/CIE_Project2/Content/ThirdPersonCPP/Maps/ThirdPersonExampleMap.umap" 779
"../../../Engine/Content/Maps/Entry_BuiltData.uasset" 780
"../../../Engine/Content/Maps/Entry.umap" 781
